# JRE version: Java(TM) SE Runtime Environment (21.0.11+9) (build 21.0.11+9-LTS-211)
# Java VM: Java HotSpot(TM) 64-Bit Server VM (21.0.11+9-LTS-211, mixed mode, sharing, tiered, compressed oops, compressed class ptrs, g1 gc, windows-amd64)
GC Precious Log:
 CardTable entry size: 512
 Card Set container configuration: InlinePtr #cards 4 size 8 Array Of Cards #cards 16 size 48 Howl #buckets 8 coarsen threshold 3686 Howl Bitmap #cards 512 size 80 coarsen threshold 460 Card regions per heap region 1 cards per card region 4096
 CPUs: 12 total, 12 available
 Memory: 16013M
 Large Page Support: Disabled
 NUMA Support: Disabled
 Compressed Oops: Enabled (Zero based)
 Heap Region Size: 2M
 Heap Min Capacity: 8M
 Heap Initial Capacity: 252M
 Heap Max Capacity: 4004M
 Pre-touch: Disabled
 Parallel Workers: 10
 Concurrent Workers: 3
 Concurrent Refinement Workers: 10
 Periodic GC: Disabled
Heap:
 garbage-first heap   total 159744K, used 49557K [0x0000000705c00000, 0x0000000800000000)
  region size 2048K, 14 young (28672K), 1 survivors (2048K)
 Metaspace       used 64117K, committed 64768K, reserved 1114112K
  class space    used 8663K, committed 8960K, reserved 1048576K
GC Heap History (20 events):
Event: 1.658 GC heap before
{Heap before GC invocations=1 (full 0):
 garbage-first heap   total 258048K, used 32190K [0x0000000705c00000, 0x0000000800000000)
  region size 2048K, 16 young (32768K), 2 survivors (4096K)
 Metaspace       used 17682K, committed 18048K, reserved 1114112K
  class space    used 2211K, committed 2368K, reserved 1048576K
}
Event: 1.664 GC heap after
{Heap after GC invocations=2 (full 0):
 garbage-first heap   total 258048K, used 10498K [0x0000000705c00000, 0x0000000800000000)
  region size 2048K, 2 young (4096K), 2 survivors (4096K)
 Metaspace       used 17682K, committed 18048K, reserved 1114112K
  class space    used 2211K, committed 2368K, reserved 1048576K
}
Event: 1.879 GC heap before
{Heap before GC invocations=2 (full 0):
 garbage-first heap   total 258048K, used 16642K [0x0000000705c00000, 0x0000000800000000)
  region size 2048K, 6 young (12288K), 2 survivors (4096K)
 Metaspace       used 21114K, committed 21504K, reserved 1114112K
  class space    used 2632K, committed 2816K, reserved 1048576K
}
Event: 1.883 GC heap after
{Heap after GC invocations=3 (full 0):
 garbage-first heap   total 258048K, used 11292K [0x0000000705c00000, 0x0000000800000000)
  region size 2048K, 3 young (6144K), 3 survivors (6144K)
 Metaspace       used 21114K, committed 21504K, reserved 1114112K
  class space    used 2632K, committed 2816K, reserved 1048576K
}
Event: 2.710 GC heap before
{Heap before GC invocations=4 (full 0):
 garbage-first heap   total 55296K, used 37916K [0x0000000705c00000, 0x0000000800000000)
  region size 2048K, 16 young (32768K), 3 survivors (6144K)
 Metaspace       used 32290K, committed 32704K, reserved 1114112K
  class space    used 4032K, committed 4224K, reserved 1048576K
}
Event: 2.718 GC heap after
{Heap after GC invocations=5 (full 0):
 garbage-first heap   total 55296K, used 14605K [0x0000000705c00000, 0x0000000800000000)
  region size 2048K, 2 young (4096K), 2 survivors (4096K)
 Metaspace       used 32290K, committed 32704K, reserved 1114112K
  class space    used 4032K, committed 4224K, reserved 1048576K
}
Event: 2.990 GC heap before
{Heap before GC invocations=5 (full 0):
 garbage-first heap   total 55296K, used 24845K [0x0000000705c00000, 0x0000000800000000)
  region size 2048K, 8 young (16384K), 2 survivors (4096K)
 Metaspace       used 35634K, committed 36096K, reserved 1114112K
  class space    used 4503K, committed 4736K, reserved 1048576K
}
Event: 2.994 GC heap after
{Heap after GC invocations=6 (full 0):
 garbage-first heap   total 55296K, used 15500K [0x0000000705c00000, 0x0000000800000000)
  region size 2048K, 1 young (2048K), 1 survivors (2048K)
 Metaspace       used 35634K, committed 36096K, reserved 1114112K
  class space    used 4503K, committed 4736K, reserved 1048576K
}
Event: 3.019 GC heap before
{Heap before GC invocations=6 (full 0):
 garbage-first heap   total 55296K, used 15500K [0x0000000705c00000, 0x0000000800000000)
  region size 2048K, 2 young (4096K), 1 survivors (2048K)
 Metaspace       used 35981K, committed 36416K, reserved 1114112K
  class space    used 4552K, committed 4736K, reserved 1048576K
}
Event: 3.020 GC heap after
{Heap after GC invocations=7 (full 0):
 garbage-first heap   total 55296K, used 15244K [0x0000000705c00000, 0x0000000800000000)
  region size 2048K, 1 young (2048K), 1 survivors (2048K)
 Metaspace       used 35981K, committed 36416K, reserved 1114112K
  class space    used 4552K, committed 4736K, reserved 1048576K
}
Event: 3.649 GC heap before
{Heap before GC invocations=8 (full 0):
 garbage-first heap   total 55296K, used 41868K [0x0000000705c00000, 0x0000000800000000)
  region size 2048K, 14 young (28672K), 1 survivors (2048K)
 Metaspace       used 43590K, committed 44160K, reserved 1114112K
  class space    used 5766K, committed 6016K, reserved 1048576K
}
Event: 3.651 GC heap after
{Heap after GC invocations=9 (full 0):
 garbage-first heap   total 55296K, used 16242K [0x0000000705c00000, 0x0000000800000000)
  region size 2048K, 1 young (2048K), 1 survivors (2048K)
 Metaspace       used 43590K, committed 44160K, reserved 1114112K
  class space    used 5766K, committed 6016K, reserved 1048576K
}
Event: 4.476 GC heap before
{Heap before GC invocations=9 (full 0):
 garbage-first heap   total 55296K, used 44914K [0x0000000705c00000, 0x0000000800000000)
  region size 2048K, 15 young (30720K), 1 survivors (2048K)
 Metaspace       used 52798K, committed 53312K, reserved 1114112K
  class space    used 7165K, committed 7360K, reserved 1048576K
}
Event: 4.481 GC heap after
{Heap after GC invocations=10 (full 0):
 garbage-first heap   total 55296K, used 17825K [0x0000000705c00000, 0x0000000800000000)
  region size 2048K, 2 young (4096K), 2 survivors (4096K)
 Metaspace       used 52798K, committed 53312K, reserved 1114112K
  class space    used 7165K, committed 7360K, reserved 1048576K
}
Event: 15.445 GC heap before
{Heap before GC invocations=10 (full 0):
 garbage-first heap   total 55296K, used 48545K [0x0000000705c00000, 0x0000000800000000)
  region size 2048K, 16 young (32768K), 2 survivors (4096K)
 Metaspace       used 59492K, committed 60096K, reserved 1114112K
  class space    used 8232K, committed 8512K, reserved 1048576K
}
Event: 15.451 GC heap after
{Heap after GC invocations=11 (full 0):
 garbage-first heap   total 59392K, used 25217K [0x0000000705c00000, 0x0000000800000000)
  region size 2048K, 2 young (4096K), 2 survivors (4096K)
 Metaspace       used 59492K, committed 60096K, reserved 1114112K
  class space    used 8232K, committed 8512K, reserved 1048576K
}
Event: 15.506 GC heap before
{Heap before GC invocations=11 (full 0):
 garbage-first heap   total 59392K, used 25217K [0x0000000705c00000, 0x0000000800000000)
  region size 2048K, 3 young (6144K), 2 survivors (4096K)
 Metaspace       used 60357K, committed 60928K, reserved 1114112K
  class space    used 8329K, committed 8576K, reserved 1048576K
}
Event: 15.509 GC heap after
{Heap after GC invocations=12 (full 0):
 garbage-first heap   total 59392K, used 26462K [0x0000000705c00000, 0x0000000800000000)
  region size 2048K, 1 young (2048K), 1 survivors (2048K)
 Metaspace       used 60357K, committed 60928K, reserved 1114112K
  class space    used 8329K, committed 8576K, reserved 1048576K
}
Event: 194.796 GC heap before
{Heap before GC invocations=13 (full 0):
 garbage-first heap   total 59392K, used 48990K [0x0000000705c00000, 0x0000000800000000)
  region size 2048K, 12 young (24576K), 1 survivors (2048K)
 Metaspace       used 63400K, committed 64000K, reserved 1114112K
  class space    used 8590K, committed 8832K, reserved 1048576K
}
Event: 194.800 GC heap after
{Heap after GC invocations=14 (full 0):
 garbage-first heap   total 159744K, used 27029K [0x0000000705c00000, 0x0000000800000000)
  region size 2048K, 1 young (2048K), 1 survivors (2048K)
 Metaspace       used 63400K, committed 64000K, reserved 1114112K
  class space    used 8590K, committed 8832K, reserved 1048576K
}

