# JRE version: Java(TM) SE Runtime Environment (21.0.11+9) (build 21.0.11+9-LTS-211)
# Java VM: Java HotSpot(TM) 64-Bit Server VM (21.0.11+9-LTS-211, mixed mode, sharing, tiered, compressed oops, compressed class ptrs, g1 gc, windows-amd64)
GC Precious Log:
 CardTable entry size: 512
 Card Set container configuration: InlinePtr #cards 4 size 8 Array Of Cards #cards 16 size 48 Howl #buckets 8 coarsen threshold 3686 Howl Bitmap #cards 512 size 80 coarsen threshold 460 Card regions per heap region 1 cards per card region 4096
 CPUs: 12 total, 12 available
 Memory: 16013M
 Large Page Support: Disabled
 NUMA Support: Disabled
 Compressed Oops: Enabled (Zero based)
 Heap Region Size: 2M
 Heap Min Capacity: 8M
 Heap Initial Capacity: 252M
 Heap Max Capacity: 4004M
 Pre-touch: Disabled
 Parallel Workers: 10
 Concurrent Workers: 3
 Concurrent Refinement Workers: 10
 Periodic GC: Disabled
Heap:
 garbage-first heap   total 153600K, used 50809K [0x0000000705c00000, 0x0000000800000000)
  region size 2048K, 15 young (30720K), 2 survivors (4096K)
 Metaspace       used 64613K, committed 65152K, reserved 1114112K
  class space    used 8733K, committed 8960K, reserved 1048576K
GC Heap History (20 events):
Event: 1.394 GC heap before
{Heap before GC invocations=2 (full 0):
 garbage-first heap   total 258048K, used 15971K [0x0000000705c00000, 0x0000000800000000)
  region size 2048K, 6 young (12288K), 2 survivors (4096K)
 Metaspace       used 21104K, committed 21504K, reserved 1114112K
  class space    used 2632K, committed 2816K, reserved 1048576K
}
Event: 1.397 GC heap after
{Heap after GC invocations=3 (full 0):
 garbage-first heap   total 258048K, used 10815K [0x0000000705c00000, 0x0000000800000000)
  region size 2048K, 3 young (6144K), 3 survivors (6144K)
 Metaspace       used 21104K, committed 21504K, reserved 1114112K
  class space    used 2632K, committed 2816K, reserved 1048576K
}
Event: 1.863 GC heap before
{Heap before GC invocations=4 (full 0):
 garbage-first heap   total 49152K, used 33343K [0x0000000705c00000, 0x0000000800000000)
  region size 2048K, 14 young (28672K), 3 survivors (6144K)
 Metaspace       used 31053K, committed 31488K, reserved 1114112K
  class space    used 3852K, committed 4096K, reserved 1048576K
}
Event: 1.867 GC heap after
{Heap after GC invocations=5 (full 0):
 garbage-first heap   total 49152K, used 13816K [0x0000000705c00000, 0x0000000800000000)
  region size 2048K, 2 young (4096K), 2 survivors (4096K)
 Metaspace       used 31053K, committed 31488K, reserved 1114112K
  class space    used 3852K, committed 4096K, reserved 1048576K
}
Event: 2.107 GC heap before
{Heap before GC invocations=5 (full 0):
 garbage-first heap   total 49152K, used 28152K [0x0000000705c00000, 0x0000000800000000)
  region size 2048K, 10 young (20480K), 2 survivors (4096K)
 Metaspace       used 35516K, committed 35968K, reserved 1114112K
  class space    used 4493K, committed 4672K, reserved 1048576K
}
Event: 2.111 GC heap after
{Heap after GC invocations=6 (full 0):
 garbage-first heap   total 49152K, used 14650K [0x0000000705c00000, 0x0000000800000000)
  region size 2048K, 1 young (2048K), 1 survivors (2048K)
 Metaspace       used 35516K, committed 35968K, reserved 1114112K
  class space    used 4493K, committed 4672K, reserved 1048576K
}
Event: 2.125 GC heap before
{Heap before GC invocations=6 (full 0):
 garbage-first heap   total 49152K, used 14650K [0x0000000705c00000, 0x0000000800000000)
  region size 2048K, 2 young (4096K), 1 survivors (2048K)
 Metaspace       used 35869K, committed 36288K, reserved 1114112K
  class space    used 4541K, committed 4736K, reserved 1048576K
}
Event: 2.127 GC heap after
{Heap after GC invocations=7 (full 0):
 garbage-first heap   total 49152K, used 14591K [0x0000000705c00000, 0x0000000800000000)
  region size 2048K, 1 young (2048K), 1 survivors (2048K)
 Metaspace       used 35869K, committed 36288K, reserved 1114112K
  class space    used 4541K, committed 4736K, reserved 1048576K
}
Event: 2.477 GC heap before
{Heap before GC invocations=8 (full 0):
 garbage-first heap   total 49152K, used 35071K [0x0000000705c00000, 0x0000000800000000)
  region size 2048K, 12 young (24576K), 1 survivors (2048K)
 Metaspace       used 42850K, committed 43328K, reserved 1114112K
  class space    used 5663K, committed 5888K, reserved 1048576K
}
Event: 2.479 GC heap after
{Heap after GC invocations=9 (full 0):
 garbage-first heap   total 49152K, used 15577K [0x0000000705c00000, 0x0000000800000000)
  region size 2048K, 2 young (4096K), 2 survivors (4096K)
 Metaspace       used 42850K, committed 43328K, reserved 1114112K
  class space    used 5663K, committed 5888K, reserved 1048576K
}
Event: 2.944 GC heap before
{Heap before GC invocations=9 (full 0):
 garbage-first heap   total 49152K, used 38105K [0x0000000705c00000, 0x0000000800000000)
  region size 2048K, 13 young (26624K), 2 survivors (4096K)
 Metaspace       used 48907K, committed 49536K, reserved 1114112K
  class space    used 6748K, committed 7040K, reserved 1048576K
}
Event: 2.946 GC heap after
{Heap after GC invocations=10 (full 0):
 garbage-first heap   total 49152K, used 16853K [0x0000000705c00000, 0x0000000800000000)
  region size 2048K, 2 young (4096K), 2 survivors (4096K)
 Metaspace       used 48907K, committed 49536K, reserved 1114112K
  class space    used 6748K, committed 7040K, reserved 1048576K
}
Event: 9.647 GC heap before
{Heap before GC invocations=10 (full 0):
 garbage-first heap   total 49152K, used 41429K [0x0000000705c00000, 0x0000000800000000)
  region size 2048K, 13 young (26624K), 2 survivors (4096K)
 Metaspace       used 55814K, committed 56384K, reserved 1114112K
  class space    used 7742K, committed 8000K, reserved 1048576K
}
Event: 9.651 GC heap after
{Heap after GC invocations=11 (full 0):
 garbage-first heap   total 49152K, used 21532K [0x0000000705c00000, 0x0000000800000000)
  region size 2048K, 2 young (4096K), 2 survivors (4096K)
 Metaspace       used 55814K, committed 56384K, reserved 1114112K
  class space    used 7742K, committed 8000K, reserved 1048576K
}
Event: 9.930 GC heap before
{Heap before GC invocations=11 (full 0):
 garbage-first heap   total 49152K, used 39964K [0x0000000705c00000, 0x0000000800000000)
  region size 2048K, 11 young (22528K), 2 survivors (4096K)
 Metaspace       used 57953K, committed 58496K, reserved 1114112K
  class space    used 8018K, committed 8256K, reserved 1048576K
}
Event: 9.932 GC heap after
{Heap after GC invocations=12 (full 0):
 garbage-first heap   total 49152K, used 22770K [0x0000000705c00000, 0x0000000800000000)
  region size 2048K, 1 young (2048K), 1 survivors (2048K)
 Metaspace       used 57953K, committed 58496K, reserved 1114112K
  class space    used 8018K, committed 8256K, reserved 1048576K
}
Event: 10.228 GC heap before
{Heap before GC invocations=12 (full 0):
 garbage-first heap   total 49152K, used 41202K [0x0000000705c00000, 0x0000000800000000)
  region size 2048K, 10 young (20480K), 1 survivors (2048K)
 Metaspace       used 58804K, committed 59392K, reserved 1114112K
  class space    used 8113K, committed 8384K, reserved 1048576K
}
Event: 10.231 GC heap after
{Heap after GC invocations=13 (full 0):
 garbage-first heap   total 49152K, used 23490K [0x0000000705c00000, 0x0000000800000000)
  region size 2048K, 2 young (4096K), 2 survivors (4096K)
 Metaspace       used 58804K, committed 59392K, reserved 1114112K
  class space    used 8113K, committed 8384K, reserved 1048576K
}
Event: 14.638 GC heap before
{Heap before GC invocations=14 (full 0):
 garbage-first heap   total 49152K, used 35778K [0x0000000705c00000, 0x0000000800000000)
  region size 2048K, 9 young (18432K), 2 survivors (4096K)
 Metaspace       used 59612K, committed 60160K, reserved 1114112K
  class space    used 8217K, committed 8448K, reserved 1048576K
}
Event: 14.640 GC heap after
{Heap after GC invocations=15 (full 0):
 garbage-first heap   total 153600K, used 26233K [0x0000000705c00000, 0x0000000800000000)
  region size 2048K, 2 young (4096K), 2 survivors (4096K)
 Metaspace       used 59612K, committed 60160K, reserved 1114112K
  class space    used 8217K, committed 8448K, reserved 1048576K
}

