# JRE version: Java(TM) SE Runtime Environment (21.0.11+9) (build 21.0.11+9-LTS-211)
# Java VM: Java HotSpot(TM) 64-Bit Server VM (21.0.11+9-LTS-211, mixed mode, sharing, tiered, compressed oops, compressed class ptrs, g1 gc, windows-amd64)
GC Precious Log:
 CardTable entry size: 512
 Card Set container configuration: InlinePtr #cards 4 size 8 Array Of Cards #cards 16 size 48 Howl #buckets 8 coarsen threshold 3686 Howl Bitmap #cards 512 size 80 coarsen threshold 460 Card regions per heap region 1 cards per card region 4096
 CPUs: 12 total, 12 available
 Memory: 16013M
 Large Page Support: Disabled
 NUMA Support: Disabled
 Compressed Oops: Enabled (Zero based)
 Heap Region Size: 2M
 Heap Min Capacity: 8M
 Heap Initial Capacity: 252M
 Heap Max Capacity: 4004M
 Pre-touch: Disabled
 Parallel Workers: 10
 Concurrent Workers: 3
 Concurrent Refinement Workers: 10
 Periodic GC: Disabled
Heap:
 garbage-first heap   total 153600K, used 86569K [0x0000000705c00000, 0x0000000800000000)
  region size 2048K, 13 young (26624K), 4 survivors (8192K)
 Metaspace       used 74918K, committed 75584K, reserved 1179648K
  class space    used 9794K, committed 10112K, reserved 1048576K
GC Heap History (20 events):
Event: 5.241 GC heap before
{Heap before GC invocations=9 (full 0):
 garbage-first heap   total 49152K, used 38989K [0x0000000705c00000, 0x0000000800000000)
  region size 2048K, 13 young (26624K), 2 survivors (4096K)
 Metaspace       used 48989K, committed 49536K, reserved 1114112K
  class space    used 6801K, committed 7040K, reserved 1048576K
}
Event: 5.248 GC heap after
{Heap after GC invocations=10 (full 0):
 garbage-first heap   total 49152K, used 17524K [0x0000000705c00000, 0x0000000800000000)
  region size 2048K, 2 young (4096K), 2 survivors (4096K)
 Metaspace       used 48989K, committed 49536K, reserved 1114112K
  class space    used 6801K, committed 7040K, reserved 1048576K
}
Event: 14.057 GC heap before
{Heap before GC invocations=10 (full 0):
 garbage-first heap   total 49152K, used 42100K [0x0000000705c00000, 0x0000000800000000)
  region size 2048K, 13 young (26624K), 2 survivors (4096K)
 Metaspace       used 55900K, committed 56512K, reserved 1114112K
  class space    used 7766K, committed 8064K, reserved 1048576K
}
Event: 14.062 GC heap after
{Heap after GC invocations=11 (full 0):
 garbage-first heap   total 49152K, used 21779K [0x0000000705c00000, 0x0000000800000000)
  region size 2048K, 2 young (4096K), 2 survivors (4096K)
 Metaspace       used 55900K, committed 56512K, reserved 1114112K
  class space    used 7766K, committed 8064K, reserved 1048576K
}
Event: 14.745 GC heap before
{Heap before GC invocations=11 (full 0):
 garbage-first heap   total 49152K, used 40211K [0x0000000705c00000, 0x0000000800000000)
  region size 2048K, 11 young (22528K), 2 survivors (4096K)
 Metaspace       used 57872K, committed 58368K, reserved 1114112K
  class space    used 8009K, committed 8256K, reserved 1048576K
}
Event: 14.750 GC heap after
{Heap after GC invocations=12 (full 0):
 garbage-first heap   total 49152K, used 23473K [0x0000000705c00000, 0x0000000800000000)
  region size 2048K, 1 young (2048K), 1 survivors (2048K)
 Metaspace       used 57872K, committed 58368K, reserved 1114112K
  class space    used 8009K, committed 8256K, reserved 1048576K
}
Event: 15.030 GC heap before
{Heap before GC invocations=12 (full 0):
 garbage-first heap   total 49152K, used 41905K [0x0000000705c00000, 0x0000000800000000)
  region size 2048K, 10 young (20480K), 1 survivors (2048K)
 Metaspace       used 58664K, committed 59200K, reserved 1114112K
  class space    used 8106K, committed 8384K, reserved 1048576K
}
Event: 15.033 GC heap after
{Heap after GC invocations=13 (full 0):
 garbage-first heap   total 49152K, used 24120K [0x0000000705c00000, 0x0000000800000000)
  region size 2048K, 2 young (4096K), 2 survivors (4096K)
 Metaspace       used 58664K, committed 59200K, reserved 1114112K
  class space    used 8106K, committed 8384K, reserved 1048576K
}
Event: 17.002 GC heap before
{Heap before GC invocations=14 (full 0):
 garbage-first heap   total 49152K, used 36408K [0x0000000705c00000, 0x0000000800000000)
  region size 2048K, 9 young (18432K), 2 survivors (4096K)
 Metaspace       used 59370K, committed 59904K, reserved 1114112K
  class space    used 8209K, committed 8448K, reserved 1048576K
}
Event: 17.007 GC heap after
{Heap after GC invocations=15 (full 0):
 garbage-first heap   total 153600K, used 26964K [0x0000000705c00000, 0x0000000800000000)
  region size 2048K, 2 young (4096K), 2 survivors (4096K)
 Metaspace       used 59370K, committed 59904K, reserved 1114112K
  class space    used 8209K, committed 8448K, reserved 1048576K
}
Event: 41.508 GC heap before
{Heap before GC invocations=15 (full 0):
 garbage-first heap   total 153600K, used 112980K [0x0000000705c00000, 0x0000000800000000)
  region size 2048K, 44 young (90112K), 2 survivors (4096K)
 Metaspace       used 63791K, committed 64320K, reserved 1114112K
  class space    used 8686K, committed 8960K, reserved 1048576K
}
Event: 41.519 GC heap after
{Heap after GC invocations=16 (full 0):
 garbage-first heap   total 153600K, used 33370K [0x0000000705c00000, 0x0000000800000000)
  region size 2048K, 6 young (12288K), 6 survivors (12288K)
 Metaspace       used 63791K, committed 64320K, reserved 1114112K
  class space    used 8686K, committed 8960K, reserved 1048576K
}
Event: 97.009 GC heap before
{Heap before GC invocations=16 (full 0):
 garbage-first heap   total 153600K, used 127578K [0x0000000705c00000, 0x0000000800000000)
  region size 2048K, 45 young (92160K), 6 survivors (12288K)
 Metaspace       used 71237K, committed 71872K, reserved 1114112K
  class space    used 9406K, committed 9728K, reserved 1048576K
}
Event: 97.020 GC heap after
{Heap after GC invocations=17 (full 0):
 garbage-first heap   total 153600K, used 54824K [0x0000000705c00000, 0x0000000800000000)
  region size 2048K, 4 young (8192K), 4 survivors (8192K)
 Metaspace       used 71237K, committed 71872K, reserved 1114112K
  class space    used 9406K, committed 9728K, reserved 1048576K
}
Event: 101.796 GC heap before
{Heap before GC invocations=17 (full 0):
 garbage-first heap   total 153600K, used 130600K [0x0000000705c00000, 0x0000000800000000)
  region size 2048K, 40 young (81920K), 4 survivors (8192K)
 Metaspace       used 73322K, committed 73984K, reserved 1114112K
  class space    used 9663K, committed 9984K, reserved 1048576K
}
Event: 101.807 GC heap after
{Heap after GC invocations=18 (full 0):
 garbage-first heap   total 153600K, used 64445K [0x0000000705c00000, 0x0000000800000000)
  region size 2048K, 5 young (10240K), 5 survivors (10240K)
 Metaspace       used 73322K, committed 73984K, reserved 1114112K
  class space    used 9663K, committed 9984K, reserved 1048576K
}
Event: 104.349 GC heap before
{Heap before GC invocations=19 (full 0):
 garbage-first heap   total 153600K, used 127933K [0x0000000705c00000, 0x0000000800000000)
  region size 2048K, 37 young (75776K), 5 survivors (10240K)
 Metaspace       used 74065K, committed 74752K, reserved 1114112K
  class space    used 9734K, committed 10048K, reserved 1048576K
}
Event: 104.362 GC heap after
{Heap after GC invocations=20 (full 0):
 garbage-first heap   total 153600K, used 67761K [0x0000000705c00000, 0x0000000800000000)
  region size 2048K, 3 young (6144K), 3 survivors (6144K)
 Metaspace       used 74065K, committed 74752K, reserved 1114112K
  class space    used 9734K, committed 10048K, reserved 1048576K
}
Event: 179.787 GC heap before
{Heap before GC invocations=20 (full 0):
 garbage-first heap   total 153600K, used 131249K [0x0000000705c00000, 0x0000000800000000)
  region size 2048K, 34 young (69632K), 3 survivors (6144K)
 Metaspace       used 74748K, committed 75392K, reserved 1179648K
  class space    used 9780K, committed 10112K, reserved 1048576K
}
Event: 179.793 GC heap after
{Heap after GC invocations=21 (full 0):
 garbage-first heap   total 153600K, used 70185K [0x0000000705c00000, 0x0000000800000000)
  region size 2048K, 4 young (8192K), 4 survivors (8192K)
 Metaspace       used 74748K, committed 75392K, reserved 1179648K
  class space    used 9780K, committed 10112K, reserved 1048576K
}

