# JRE version: Java(TM) SE Runtime Environment (21.0.11+9) (build 21.0.11+9-LTS-211)
# Java VM: Java HotSpot(TM) 64-Bit Server VM (21.0.11+9-LTS-211, mixed mode, sharing, tiered, compressed oops, compressed class ptrs, g1 gc, windows-amd64)
GC Precious Log:
 CardTable entry size: 512
 Card Set container configuration: InlinePtr #cards 4 size 8 Array Of Cards #cards 16 size 48 Howl #buckets 8 coarsen threshold 3686 Howl Bitmap #cards 512 size 80 coarsen threshold 460 Card regions per heap region 1 cards per card region 4096
 CPUs: 12 total, 12 available
 Memory: 16013M
 Large Page Support: Disabled
 NUMA Support: Disabled
 Compressed Oops: Enabled (Zero based)
 Heap Region Size: 2M
 Heap Min Capacity: 8M
 Heap Initial Capacity: 252M
 Heap Max Capacity: 4004M
 Pre-touch: Disabled
 Parallel Workers: 10
 Concurrent Workers: 3
 Concurrent Refinement Workers: 10
 Periodic GC: Disabled
Heap:
 garbage-first heap   total 96256K, used 35433K [0x0000000705c00000, 0x0000000800000000)
  region size 2048K, 8 young (16384K), 2 survivors (4096K)
 Metaspace       used 62433K, committed 63040K, reserved 1114112K
  class space    used 8557K, committed 8832K, reserved 1048576K
GC Heap History (20 events):
Event: 0.740 GC heap before
{Heap before GC invocations=0 (full 0):
 garbage-first heap   total 258048K, used 20480K [0x0000000705c00000, 0x0000000800000000)
  region size 2048K, 11 young (22528K), 0 survivors (0K)
 Metaspace       used 7752K, committed 8000K, reserved 1114112K
  class space    used 843K, committed 960K, reserved 1048576K
}
Event: 0.747 GC heap after
{Heap after GC invocations=1 (full 0):
 garbage-first heap   total 258048K, used 5823K [0x0000000705c00000, 0x0000000800000000)
  region size 2048K, 2 young (4096K), 2 survivors (4096K)
 Metaspace       used 7752K, committed 8000K, reserved 1114112K
  class space    used 843K, committed 960K, reserved 1048576K
}
Event: 1.813 GC heap before
{Heap before GC invocations=1 (full 0):
 garbage-first heap   total 258048K, used 32447K [0x0000000705c00000, 0x0000000800000000)
  region size 2048K, 16 young (32768K), 2 survivors (4096K)
 Metaspace       used 17589K, committed 17984K, reserved 1114112K
  class space    used 2204K, committed 2432K, reserved 1048576K
}
Event: 1.821 GC heap after
{Heap after GC invocations=2 (full 0):
 garbage-first heap   total 258048K, used 9886K [0x0000000705c00000, 0x0000000800000000)
  region size 2048K, 2 young (4096K), 2 survivors (4096K)
 Metaspace       used 17589K, committed 17984K, reserved 1114112K
  class space    used 2204K, committed 2432K, reserved 1048576K
}
Event: 2.018 GC heap before
{Heap before GC invocations=2 (full 0):
 garbage-first heap   total 258048K, used 16030K [0x0000000705c00000, 0x0000000800000000)
  region size 2048K, 6 young (12288K), 2 survivors (4096K)
 Metaspace       used 21163K, committed 21504K, reserved 1114112K
  class space    used 2642K, committed 2816K, reserved 1048576K
}
Event: 2.021 GC heap after
{Heap after GC invocations=3 (full 0):
 garbage-first heap   total 258048K, used 10635K [0x0000000705c00000, 0x0000000800000000)
  region size 2048K, 3 young (6144K), 3 survivors (6144K)
 Metaspace       used 21163K, committed 21504K, reserved 1114112K
  class space    used 2642K, committed 2816K, reserved 1048576K
}
Event: 2.762 GC heap before
{Heap before GC invocations=4 (full 0):
 garbage-first heap   total 49152K, used 33163K [0x0000000705c00000, 0x0000000800000000)
  region size 2048K, 14 young (28672K), 3 survivors (6144K)
 Metaspace       used 31173K, committed 31616K, reserved 1114112K
  class space    used 3884K, committed 4096K, reserved 1048576K
}
Event: 2.768 GC heap after
{Heap after GC invocations=5 (full 0):
 garbage-first heap   total 49152K, used 13873K [0x0000000705c00000, 0x0000000800000000)
  region size 2048K, 2 young (4096K), 2 survivors (4096K)
 Metaspace       used 31173K, committed 31616K, reserved 1114112K
  class space    used 3884K, committed 4096K, reserved 1048576K
}
Event: 3.152 GC heap before
{Heap before GC invocations=5 (full 0):
 garbage-first heap   total 49152K, used 28209K [0x0000000705c00000, 0x0000000800000000)
  region size 2048K, 10 young (20480K), 2 survivors (4096K)
 Metaspace       used 35556K, committed 35968K, reserved 1114112K
  class space    used 4493K, committed 4672K, reserved 1048576K
}
Event: 3.159 GC heap after
{Heap after GC invocations=6 (full 0):
 garbage-first heap   total 49152K, used 14945K [0x0000000705c00000, 0x0000000800000000)
  region size 2048K, 1 young (2048K), 1 survivors (2048K)
 Metaspace       used 35556K, committed 35968K, reserved 1114112K
  class space    used 4493K, committed 4672K, reserved 1048576K
}
Event: 3.188 GC heap before
{Heap before GC invocations=6 (full 0):
 garbage-first heap   total 49152K, used 14945K [0x0000000705c00000, 0x0000000800000000)
  region size 2048K, 2 young (4096K), 1 survivors (2048K)
 Metaspace       used 35879K, committed 36288K, reserved 1114112K
  class space    used 4536K, committed 4736K, reserved 1048576K
}
Event: 3.191 GC heap after
{Heap after GC invocations=7 (full 0):
 garbage-first heap   total 49152K, used 14881K [0x0000000705c00000, 0x0000000800000000)
  region size 2048K, 1 young (2048K), 1 survivors (2048K)
 Metaspace       used 35879K, committed 36288K, reserved 1114112K
  class space    used 4536K, committed 4736K, reserved 1048576K
}
Event: 3.748 GC heap before
{Heap before GC invocations=8 (full 0):
 garbage-first heap   total 49152K, used 37409K [0x0000000705c00000, 0x0000000800000000)
  region size 2048K, 12 young (24576K), 1 survivors (2048K)
 Metaspace       used 42695K, committed 43136K, reserved 1114112K
  class space    used 5638K, committed 5824K, reserved 1048576K
}
Event: 3.750 GC heap after
{Heap after GC invocations=9 (full 0):
 garbage-first heap   total 49152K, used 15758K [0x0000000705c00000, 0x0000000800000000)
  region size 2048K, 1 young (2048K), 1 survivors (2048K)
 Metaspace       used 42695K, committed 43136K, reserved 1114112K
  class space    used 5638K, committed 5824K, reserved 1048576K
}
Event: 4.472 GC heap before
{Heap before GC invocations=9 (full 0):
 garbage-first heap   total 49152K, used 38286K [0x0000000705c00000, 0x0000000800000000)
  region size 2048K, 13 young (26624K), 1 survivors (2048K)
 Metaspace       used 50066K, committed 50624K, reserved 1114112K
  class space    used 6712K, committed 6976K, reserved 1048576K
}
Event: 4.475 GC heap after
{Heap after GC invocations=10 (full 0):
 garbage-first heap   total 49152K, used 17431K [0x0000000705c00000, 0x0000000800000000)
  region size 2048K, 2 young (4096K), 2 survivors (4096K)
 Metaspace       used 50066K, committed 50624K, reserved 1114112K
  class space    used 6712K, committed 6976K, reserved 1048576K
}
Event: 5.339 GC heap before
{Heap before GC invocations=10 (full 0):
 garbage-first heap   total 49152K, used 39959K [0x0000000705c00000, 0x0000000800000000)
  region size 2048K, 13 young (26624K), 2 survivors (4096K)
 Metaspace       used 56422K, committed 56960K, reserved 1114112K
  class space    used 7930K, committed 8192K, reserved 1048576K
}
Event: 5.349 GC heap after
{Heap after GC invocations=11 (full 0):
 garbage-first heap   total 49152K, used 20069K [0x0000000705c00000, 0x0000000800000000)
  region size 2048K, 2 young (4096K), 2 survivors (4096K)
 Metaspace       used 56422K, committed 56960K, reserved 1114112K
  class space    used 7930K, committed 8192K, reserved 1048576K
}
Event: 10.279 GC heap before
{Heap before GC invocations=11 (full 0):
 garbage-first heap   total 49152K, used 36453K [0x0000000705c00000, 0x0000000800000000)
  region size 2048K, 10 young (20480K), 2 survivors (4096K)
 Metaspace       used 60086K, committed 60608K, reserved 1114112K
  class space    used 8330K, committed 8576K, reserved 1048576K
}
Event: 10.285 GC heap after
{Heap after GC invocations=12 (full 0):
 garbage-first heap   total 153600K, used 25193K [0x0000000705c00000, 0x0000000800000000)
  region size 2048K, 2 young (4096K), 2 survivors (4096K)
 Metaspace       used 60086K, committed 60608K, reserved 1114112K
  class space    used 8330K, committed 8576K, reserved 1048576K
}

