# JRE version: Java(TM) SE Runtime Environment (21.0.11+9) (build 21.0.11+9-LTS-211)
# Java VM: Java HotSpot(TM) 64-Bit Server VM (21.0.11+9-LTS-211, mixed mode, sharing, tiered, compressed oops, compressed class ptrs, g1 gc, windows-amd64)
GC Precious Log:
 CardTable entry size: 512
 Card Set container configuration: InlinePtr #cards 4 size 8 Array Of Cards #cards 16 size 48 Howl #buckets 8 coarsen threshold 3686 Howl Bitmap #cards 512 size 80 coarsen threshold 460 Card regions per heap region 1 cards per card region 4096
 CPUs: 12 total, 12 available
 Memory: 16013M
 Large Page Support: Disabled
 NUMA Support: Disabled
 Compressed Oops: Enabled (Zero based)
 Heap Region Size: 2M
 Heap Min Capacity: 8M
 Heap Initial Capacity: 252M
 Heap Max Capacity: 4004M
 Pre-touch: Disabled
 Parallel Workers: 10
 Concurrent Workers: 3
 Concurrent Refinement Workers: 10
 Periodic GC: Disabled
Heap:
 garbage-first heap   total 184320K, used 136360K [0x0000000705c00000, 0x0000000800000000)
  region size 2048K, 23 young (47104K), 4 survivors (8192K)
 Metaspace       used 78852K, committed 79616K, reserved 1179648K
  class space    used 10117K, committed 10496K, reserved 1048576K
GC Heap History (20 events):
Event: 433.031 GC heap before
{Heap before GC invocations=32 (full 0):
 garbage-first heap   total 151552K, used 117852K [0x0000000705c00000, 0x0000000800000000)
  region size 2048K, 19 young (38912K), 3 survivors (6144K)
 Metaspace       used 76137K, committed 76864K, reserved 1179648K
  class space    used 9883K, committed 10240K, reserved 1048576K
}
Event: 433.041 GC heap after
{Heap after GC invocations=33 (full 0):
 garbage-first heap   total 151552K, used 88319K [0x0000000705c00000, 0x0000000800000000)
  region size 2048K, 2 young (4096K), 2 survivors (4096K)
 Metaspace       used 76137K, committed 76864K, reserved 1179648K
  class space    used 9883K, committed 10240K, reserved 1048576K
}
Event: 466.519 GC heap before
{Heap before GC invocations=33 (full 0):
 garbage-first heap   total 151552K, used 131327K [0x0000000705c00000, 0x0000000800000000)
  region size 2048K, 23 young (47104K), 2 survivors (4096K)
 Metaspace       used 76392K, committed 77120K, reserved 1179648K
  class space    used 9905K, committed 10240K, reserved 1048576K
}
Event: 466.527 GC heap after
{Heap after GC invocations=34 (full 0):
 garbage-first heap   total 151552K, used 85214K [0x0000000705c00000, 0x0000000800000000)
  region size 2048K, 3 young (6144K), 3 survivors (6144K)
 Metaspace       used 76392K, committed 77120K, reserved 1179648K
  class space    used 9905K, committed 10240K, reserved 1048576K
}
Event: 503.224 GC heap before
{Heap before GC invocations=34 (full 0):
 garbage-first heap   total 151552K, used 130270K [0x0000000705c00000, 0x0000000800000000)
  region size 2048K, 25 young (51200K), 3 survivors (6144K)
 Metaspace       used 76815K, committed 77440K, reserved 1179648K
  class space    used 9936K, committed 10240K, reserved 1048576K
}
Event: 503.233 GC heap after
{Heap after GC invocations=35 (full 0):
 garbage-first heap   total 151552K, used 89826K [0x0000000705c00000, 0x0000000800000000)
  region size 2048K, 3 young (6144K), 3 survivors (6144K)
 Metaspace       used 76815K, committed 77440K, reserved 1179648K
  class space    used 9936K, committed 10240K, reserved 1048576K
}
Event: 506.362 GC heap before
{Heap before GC invocations=36 (full 0):
 garbage-first heap   total 161792K, used 132834K [0x0000000705c00000, 0x0000000800000000)
  region size 2048K, 24 young (49152K), 3 survivors (6144K)
 Metaspace       used 77071K, committed 77760K, reserved 1179648K
  class space    used 9962K, committed 10304K, reserved 1048576K
}
Event: 506.366 GC heap after
{Heap after GC invocations=37 (full 0):
 garbage-first heap   total 161792K, used 92169K [0x0000000705c00000, 0x0000000800000000)
  region size 2048K, 2 young (4096K), 2 survivors (4096K)
 Metaspace       used 77071K, committed 77760K, reserved 1179648K
  class space    used 9962K, committed 10304K, reserved 1048576K
}
Event: 524.214 GC heap before
{Heap before GC invocations=37 (full 0):
 garbage-first heap   total 161792K, used 141321K [0x0000000705c00000, 0x0000000800000000)
  region size 2048K, 26 young (53248K), 2 survivors (4096K)
 Metaspace       used 77513K, committed 78144K, reserved 1179648K
  class space    used 9990K, committed 10304K, reserved 1048576K
}
Event: 524.222 GC heap after
{Heap after GC invocations=38 (full 0):
 garbage-first heap   total 161792K, used 83871K [0x0000000705c00000, 0x0000000800000000)
  region size 2048K, 4 young (8192K), 4 survivors (8192K)
 Metaspace       used 77513K, committed 78144K, reserved 1179648K
  class space    used 9990K, committed 10304K, reserved 1048576K
}
Event: 537.185 GC heap before
{Heap before GC invocations=38 (full 0):
 garbage-first heap   total 161792K, used 137119K [0x0000000705c00000, 0x0000000800000000)
  region size 2048K, 30 young (61440K), 4 survivors (8192K)
 Metaspace       used 77788K, committed 78528K, reserved 1179648K
  class space    used 10013K, committed 10368K, reserved 1048576K
}
Event: 537.195 GC heap after
{Heap after GC invocations=39 (full 0):
 garbage-first heap   total 161792K, used 91147K [0x0000000705c00000, 0x0000000800000000)
  region size 2048K, 4 young (8192K), 4 survivors (8192K)
 Metaspace       used 77788K, committed 78528K, reserved 1179648K
  class space    used 10013K, committed 10368K, reserved 1048576K
}
Event: 539.832 GC heap before
{Heap before GC invocations=39 (full 0):
 garbage-first heap   total 161792K, used 128011K [0x0000000705c00000, 0x0000000800000000)
  region size 2048K, 23 young (47104K), 4 survivors (8192K)
 Metaspace       used 77971K, committed 78656K, reserved 1179648K
  class space    used 10036K, committed 10368K, reserved 1048576K
}
Event: 539.845 GC heap after
{Heap after GC invocations=40 (full 0):
 garbage-first heap   total 161792K, used 97692K [0x0000000705c00000, 0x0000000800000000)
  region size 2048K, 3 young (6144K), 3 survivors (6144K)
 Metaspace       used 77971K, committed 78656K, reserved 1179648K
  class space    used 10036K, committed 10368K, reserved 1048576K
}
Event: 555.913 GC heap before
{Heap before GC invocations=41 (full 0):
 garbage-first heap   total 167936K, used 142748K [0x0000000705c00000, 0x0000000800000000)
  region size 2048K, 25 young (51200K), 3 survivors (6144K)
 Metaspace       used 78121K, committed 78784K, reserved 1179648K
  class space    used 10046K, committed 10368K, reserved 1048576K
}
Event: 555.921 GC heap after
{Heap after GC invocations=42 (full 0):
 garbage-first heap   total 167936K, used 101312K [0x0000000705c00000, 0x0000000800000000)
  region size 2048K, 2 young (4096K), 2 survivors (4096K)
 Metaspace       used 78121K, committed 78784K, reserved 1179648K
  class space    used 10046K, committed 10368K, reserved 1048576K
}
Event: 592.735 GC heap before
{Heap before GC invocations=42 (full 0):
 garbage-first heap   total 167936K, used 148416K [0x0000000705c00000, 0x0000000800000000)
  region size 2048K, 25 young (51200K), 2 survivors (4096K)
 Metaspace       used 78391K, committed 79104K, reserved 1179648K
  class space    used 10073K, committed 10432K, reserved 1048576K
}
Event: 592.743 GC heap after
{Heap after GC invocations=43 (full 0):
 garbage-first heap   total 167936K, used 95771K [0x0000000705c00000, 0x0000000800000000)
  region size 2048K, 3 young (6144K), 3 survivors (6144K)
 Metaspace       used 78391K, committed 79104K, reserved 1179648K
  class space    used 10073K, committed 10432K, reserved 1048576K
}
Event: 601.034 GC heap before
{Heap before GC invocations=43 (full 0):
 garbage-first heap   total 167936K, used 149019K [0x0000000705c00000, 0x0000000800000000)
  region size 2048K, 29 young (59392K), 3 survivors (6144K)
 Metaspace       used 78685K, committed 79424K, reserved 1179648K
  class space    used 10103K, committed 10432K, reserved 1048576K
}
Event: 601.040 GC heap after
{Heap after GC invocations=44 (full 0):
 garbage-first heap   total 167936K, used 99496K [0x0000000705c00000, 0x0000000800000000)
  region size 2048K, 4 young (8192K), 4 survivors (8192K)
 Metaspace       used 78685K, committed 79424K, reserved 1179648K
  class space    used 10103K, committed 10432K, reserved 1048576K
}

