# JRE version: Java(TM) SE Runtime Environment (21.0.11+9) (build 21.0.11+9-LTS-211)
# Java VM: Java HotSpot(TM) 64-Bit Server VM (21.0.11+9-LTS-211, mixed mode, sharing, tiered, compressed oops, compressed class ptrs, g1 gc, windows-amd64)
GC Precious Log:
 CardTable entry size: 512
 Card Set container configuration: InlinePtr #cards 4 size 8 Array Of Cards #cards 16 size 48 Howl #buckets 8 coarsen threshold 3686 Howl Bitmap #cards 512 size 80 coarsen threshold 460 Card regions per heap region 1 cards per card region 4096
 CPUs: 12 total, 12 available
 Memory: 16013M
 Large Page Support: Disabled
 NUMA Support: Disabled
 Compressed Oops: Enabled (Zero based)
 Heap Region Size: 2M
 Heap Min Capacity: 8M
 Heap Initial Capacity: 252M
 Heap Max Capacity: 4004M
 Pre-touch: Disabled
 Parallel Workers: 10
 Concurrent Workers: 3
 Concurrent Refinement Workers: 10
 Periodic GC: Disabled
Heap:
 garbage-first heap   total 61440K, used 29216K [0x0000000705c00000, 0x0000000800000000)
  region size 2048K, 5 young (10240K), 2 survivors (4096K)
 Metaspace       used 62321K, committed 62912K, reserved 1114112K
  class space    used 8556K, committed 8832K, reserved 1048576K
GC Heap History (18 events):
Event: 0.418 GC heap before
{Heap before GC invocations=0 (full 0):
 garbage-first heap   total 258048K, used 22528K [0x0000000705c00000, 0x0000000800000000)
  region size 2048K, 11 young (22528K), 0 survivors (0K)
 Metaspace       used 7566K, committed 7872K, reserved 1114112K
  class space    used 822K, committed 960K, reserved 1048576K
}
Event: 0.422 GC heap after
{Heap after GC invocations=1 (full 0):
 garbage-first heap   total 258048K, used 5615K [0x0000000705c00000, 0x0000000800000000)
  region size 2048K, 2 young (4096K), 2 survivors (4096K)
 Metaspace       used 7566K, committed 7872K, reserved 1114112K
  class space    used 822K, committed 960K, reserved 1048576K
}
Event: 1.076 GC heap before
{Heap before GC invocations=1 (full 0):
 garbage-first heap   total 258048K, used 32239K [0x0000000705c00000, 0x0000000800000000)
  region size 2048K, 16 young (32768K), 2 survivors (4096K)
 Metaspace       used 17464K, committed 17856K, reserved 1114112K
  class space    used 2185K, committed 2368K, reserved 1048576K
}
Event: 1.082 GC heap after
{Heap after GC invocations=2 (full 0):
 garbage-first heap   total 258048K, used 10437K [0x0000000705c00000, 0x0000000800000000)
  region size 2048K, 2 young (4096K), 2 survivors (4096K)
 Metaspace       used 17464K, committed 17856K, reserved 1114112K
  class space    used 2185K, committed 2368K, reserved 1048576K
}
Event: 1.210 GC heap before
{Heap before GC invocations=2 (full 0):
 garbage-first heap   total 258048K, used 16581K [0x0000000705c00000, 0x0000000800000000)
  region size 2048K, 6 young (12288K), 2 survivors (4096K)
 Metaspace       used 21157K, committed 21504K, reserved 1114112K
  class space    used 2638K, committed 2816K, reserved 1048576K
}
Event: 1.212 GC heap after
{Heap after GC invocations=3 (full 0):
 garbage-first heap   total 258048K, used 11250K [0x0000000705c00000, 0x0000000800000000)
  region size 2048K, 3 young (6144K), 3 survivors (6144K)
 Metaspace       used 21157K, committed 21504K, reserved 1114112K
  class space    used 2638K, committed 2816K, reserved 1048576K
}
Event: 1.735 GC heap before
{Heap before GC invocations=4 (full 0):
 garbage-first heap   total 55296K, used 37874K [0x0000000705c00000, 0x0000000800000000)
  region size 2048K, 16 young (32768K), 3 survivors (6144K)
 Metaspace       used 32280K, committed 32704K, reserved 1114112K
  class space    used 4029K, committed 4224K, reserved 1048576K
}
Event: 1.741 GC heap after
{Heap after GC invocations=5 (full 0):
 garbage-first heap   total 55296K, used 14483K [0x0000000705c00000, 0x0000000800000000)
  region size 2048K, 2 young (4096K), 2 survivors (4096K)
 Metaspace       used 32280K, committed 32704K, reserved 1114112K
  class space    used 4029K, committed 4224K, reserved 1048576K
}
Event: 1.902 GC heap before
{Heap before GC invocations=5 (full 0):
 garbage-first heap   total 55296K, used 24723K [0x0000000705c00000, 0x0000000800000000)
  region size 2048K, 8 young (16384K), 2 survivors (4096K)
 Metaspace       used 35516K, committed 35968K, reserved 1114112K
  class space    used 4486K, committed 4672K, reserved 1048576K
}
Event: 1.904 GC heap after
{Heap after GC invocations=6 (full 0):
 garbage-first heap   total 55296K, used 15309K [0x0000000705c00000, 0x0000000800000000)
  region size 2048K, 1 young (2048K), 1 survivors (2048K)
 Metaspace       used 35516K, committed 35968K, reserved 1114112K
  class space    used 4486K, committed 4672K, reserved 1048576K
}
Event: 1.919 GC heap before
{Heap before GC invocations=6 (full 0):
 garbage-first heap   total 55296K, used 15309K [0x0000000705c00000, 0x0000000800000000)
  region size 2048K, 2 young (4096K), 1 survivors (2048K)
 Metaspace       used 35840K, committed 36288K, reserved 1114112K
  class space    used 4532K, committed 4736K, reserved 1048576K
}
Event: 1.920 GC heap after
{Heap after GC invocations=7 (full 0):
 garbage-first heap   total 157696K, used 15171K [0x0000000705c00000, 0x0000000800000000)
  region size 2048K, 1 young (2048K), 1 survivors (2048K)
 Metaspace       used 35840K, committed 36288K, reserved 1114112K
  class space    used 4532K, committed 4736K, reserved 1048576K
}
Event: 2.453 GC heap before
{Heap before GC invocations=8 (full 0):
 garbage-first heap   total 61440K, used 47939K [0x0000000705c00000, 0x0000000800000000)
  region size 2048K, 18 young (36864K), 1 survivors (2048K)
 Metaspace       used 45571K, committed 46080K, reserved 1114112K
  class space    used 6064K, committed 6272K, reserved 1048576K
}
Event: 2.455 GC heap after
{Heap after GC invocations=9 (full 0):
 garbage-first heap   total 61440K, used 16754K [0x0000000705c00000, 0x0000000800000000)
  region size 2048K, 2 young (4096K), 2 survivors (4096K)
 Metaspace       used 45571K, committed 46080K, reserved 1114112K
  class space    used 6064K, committed 6272K, reserved 1048576K
}
Event: 3.055 GC heap before
{Heap before GC invocations=9 (full 0):
 garbage-first heap   total 61440K, used 47474K [0x0000000705c00000, 0x0000000800000000)
  region size 2048K, 18 young (36864K), 2 survivors (4096K)
 Metaspace       used 55702K, committed 56320K, reserved 1114112K
  class space    used 7847K, committed 8128K, reserved 1048576K
}
Event: 3.059 GC heap after
{Heap after GC invocations=10 (full 0):
 garbage-first heap   total 61440K, used 19739K [0x0000000705c00000, 0x0000000800000000)
  region size 2048K, 3 young (6144K), 3 survivors (6144K)
 Metaspace       used 55702K, committed 56320K, reserved 1114112K
  class space    used 7847K, committed 8128K, reserved 1048576K
}
Event: 9.576 GC heap before
{Heap before GC invocations=10 (full 0):
 garbage-first heap   total 61440K, used 36123K [0x0000000705c00000, 0x0000000800000000)
  region size 2048K, 12 young (24576K), 3 survivors (6144K)
 Metaspace       used 60232K, committed 60736K, reserved 1114112K
  class space    used 8333K, committed 8576K, reserved 1048576K
}
Event: 9.581 GC heap after
{Heap after GC invocations=11 (full 0):
 garbage-first heap   total 61440K, used 25120K [0x0000000705c00000, 0x0000000800000000)
  region size 2048K, 2 young (4096K), 2 survivors (4096K)
 Metaspace       used 60232K, committed 60736K, reserved 1114112K
  class space    used 8333K, committed 8576K, reserved 1048576K
}

