# JRE version: Java(TM) SE Runtime Environment (21.0.11+9) (build 21.0.11+9-LTS-211)
# Java VM: Java HotSpot(TM) 64-Bit Server VM (21.0.11+9-LTS-211, mixed mode, sharing, tiered, compressed oops, compressed class ptrs, g1 gc, windows-amd64)
GC Precious Log:
 CardTable entry size: 512
 Card Set container configuration: InlinePtr #cards 4 size 8 Array Of Cards #cards 16 size 48 Howl #buckets 8 coarsen threshold 3686 Howl Bitmap #cards 512 size 80 coarsen threshold 460 Card regions per heap region 1 cards per card region 4096
 CPUs: 12 total, 12 available
 Memory: 16013M
 Large Page Support: Disabled
 NUMA Support: Disabled
 Compressed Oops: Enabled (Zero based)
 Heap Region Size: 2M
 Heap Min Capacity: 8M
 Heap Initial Capacity: 252M
 Heap Max Capacity: 4004M
 Pre-touch: Disabled
 Parallel Workers: 10
 Concurrent Workers: 3
 Concurrent Refinement Workers: 10
 Periodic GC: Disabled
Heap:
 garbage-first heap   total 159744K, used 50294K [0x0000000705c00000, 0x0000000800000000)
  region size 2048K, 7 young (14336K), 1 survivors (2048K)
 Metaspace       used 65561K, committed 66240K, reserved 1114112K
  class space    used 8833K, committed 9152K, reserved 1048576K
GC Heap History (20 events):
Event: 1.843 GC heap before
{Heap before GC invocations=1 (full 0):
 garbage-first heap   total 258048K, used 32368K [0x0000000705c00000, 0x0000000800000000)
  region size 2048K, 16 young (32768K), 2 survivors (4096K)
 Metaspace       used 17651K, committed 18048K, reserved 1114112K
  class space    used 2211K, committed 2432K, reserved 1048576K
}
Event: 1.852 GC heap after
{Heap after GC invocations=2 (full 0):
 garbage-first heap   total 258048K, used 10481K [0x0000000705c00000, 0x0000000800000000)
  region size 2048K, 2 young (4096K), 2 survivors (4096K)
 Metaspace       used 17651K, committed 18048K, reserved 1114112K
  class space    used 2211K, committed 2432K, reserved 1048576K
}
Event: 2.038 GC heap before
{Heap before GC invocations=2 (full 0):
 garbage-first heap   total 258048K, used 16625K [0x0000000705c00000, 0x0000000800000000)
  region size 2048K, 6 young (12288K), 2 survivors (4096K)
 Metaspace       used 21140K, committed 21504K, reserved 1114112K
  class space    used 2636K, committed 2816K, reserved 1048576K
}
Event: 2.042 GC heap after
{Heap after GC invocations=3 (full 0):
 garbage-first heap   total 258048K, used 11153K [0x0000000705c00000, 0x0000000800000000)
  region size 2048K, 3 young (6144K), 3 survivors (6144K)
 Metaspace       used 21140K, committed 21504K, reserved 1114112K
  class space    used 2636K, committed 2816K, reserved 1048576K
}
Event: 2.840 GC heap before
{Heap before GC invocations=4 (full 0):
 garbage-first heap   total 55296K, used 37777K [0x0000000705c00000, 0x0000000800000000)
  region size 2048K, 16 young (32768K), 3 survivors (6144K)
 Metaspace       used 32315K, committed 32704K, reserved 1114112K
  class space    used 4034K, committed 4224K, reserved 1048576K
}
Event: 2.847 GC heap after
{Heap after GC invocations=5 (full 0):
 garbage-first heap   total 55296K, used 14642K [0x0000000705c00000, 0x0000000800000000)
  region size 2048K, 2 young (4096K), 2 survivors (4096K)
 Metaspace       used 32315K, committed 32704K, reserved 1114112K
  class space    used 4034K, committed 4224K, reserved 1048576K
}
Event: 3.114 GC heap before
{Heap before GC invocations=5 (full 0):
 garbage-first heap   total 55296K, used 24882K [0x0000000705c00000, 0x0000000800000000)
  region size 2048K, 8 young (16384K), 2 survivors (4096K)
 Metaspace       used 35574K, committed 35968K, reserved 1114112K
  class space    used 4496K, committed 4672K, reserved 1048576K
}
Event: 3.118 GC heap after
{Heap after GC invocations=6 (full 0):
 garbage-first heap   total 55296K, used 15702K [0x0000000705c00000, 0x0000000800000000)
  region size 2048K, 1 young (2048K), 1 survivors (2048K)
 Metaspace       used 35574K, committed 35968K, reserved 1114112K
  class space    used 4496K, committed 4672K, reserved 1048576K
}
Event: 3.138 GC heap before
{Heap before GC invocations=6 (full 0):
 garbage-first heap   total 55296K, used 15702K [0x0000000705c00000, 0x0000000800000000)
  region size 2048K, 2 young (4096K), 1 survivors (2048K)
 Metaspace       used 35896K, committed 36288K, reserved 1114112K
  class space    used 4542K, committed 4736K, reserved 1048576K
}
Event: 3.140 GC heap after
{Heap after GC invocations=7 (full 0):
 garbage-first heap   total 55296K, used 15429K [0x0000000705c00000, 0x0000000800000000)
  region size 2048K, 1 young (2048K), 1 survivors (2048K)
 Metaspace       used 35896K, committed 36288K, reserved 1114112K
  class space    used 4542K, committed 4736K, reserved 1048576K
}
Event: 3.694 GC heap before
{Heap before GC invocations=8 (full 0):
 garbage-first heap   total 55296K, used 37957K [0x0000000705c00000, 0x0000000800000000)
  region size 2048K, 13 young (26624K), 1 survivors (2048K)
 Metaspace       used 42808K, committed 43264K, reserved 1114112K
  class space    used 5652K, committed 5824K, reserved 1048576K
}
Event: 3.696 GC heap after
{Heap after GC invocations=9 (full 0):
 garbage-first heap   total 55296K, used 16332K [0x0000000705c00000, 0x0000000800000000)
  region size 2048K, 1 young (2048K), 1 survivors (2048K)
 Metaspace       used 42808K, committed 43264K, reserved 1114112K
  class space    used 5652K, committed 5824K, reserved 1048576K
}
Event: 4.443 GC heap before
{Heap before GC invocations=9 (full 0):
 garbage-first heap   total 55296K, used 40908K [0x0000000705c00000, 0x0000000800000000)
  region size 2048K, 14 young (28672K), 1 survivors (2048K)
 Metaspace       used 51356K, committed 51904K, reserved 1114112K
  class space    used 6909K, committed 7168K, reserved 1048576K
}
Event: 4.448 GC heap after
{Heap after GC invocations=10 (full 0):
 garbage-first heap   total 55296K, used 17867K [0x0000000705c00000, 0x0000000800000000)
  region size 2048K, 2 young (4096K), 2 survivors (4096K)
 Metaspace       used 51356K, committed 51904K, reserved 1114112K
  class space    used 6909K, committed 7168K, reserved 1048576K
}
Event: 17.632 GC heap before
{Heap before GC invocations=10 (full 0):
 garbage-first heap   total 55296K, used 48587K [0x0000000705c00000, 0x0000000800000000)
  region size 2048K, 16 young (32768K), 2 survivors (4096K)
 Metaspace       used 58546K, committed 59136K, reserved 1114112K
  class space    used 8096K, committed 8384K, reserved 1048576K
}
Event: 17.640 GC heap after
{Heap after GC invocations=11 (full 0):
 garbage-first heap   total 59392K, used 25733K [0x0000000705c00000, 0x0000000800000000)
  region size 2048K, 2 young (4096K), 2 survivors (4096K)
 Metaspace       used 58546K, committed 59136K, reserved 1114112K
  class space    used 8096K, committed 8384K, reserved 1048576K
}
Event: 19.901 GC heap before
{Heap before GC invocations=11 (full 0):
 garbage-first heap   total 59392K, used 31877K [0x0000000705c00000, 0x0000000800000000)
  region size 2048K, 6 young (12288K), 2 survivors (4096K)
 Metaspace       used 60166K, committed 60736K, reserved 1114112K
  class space    used 8296K, committed 8576K, reserved 1048576K
}
Event: 19.907 GC heap after
{Heap after GC invocations=12 (full 0):
 garbage-first heap   total 59392K, used 27273K [0x0000000705c00000, 0x0000000800000000)
  region size 2048K, 1 young (2048K), 1 survivors (2048K)
 Metaspace       used 60166K, committed 60736K, reserved 1114112K
  class space    used 8296K, committed 8576K, reserved 1048576K
}
Event: 226.768 GC heap before
{Heap before GC invocations=13 (full 0):
 garbage-first heap   total 59392K, used 55945K [0x0000000705c00000, 0x0000000800000000)
  region size 2048K, 10 young (20480K), 1 survivors (2048K)
 Metaspace       used 65139K, committed 65792K, reserved 1114112K
  class space    used 8759K, committed 9088K, reserved 1048576K
}
Event: 226.770 GC heap after
{Heap after GC invocations=14 (full 0):
 garbage-first heap   total 159744K, used 40054K [0x0000000705c00000, 0x0000000800000000)
  region size 2048K, 1 young (2048K), 1 survivors (2048K)
 Metaspace       used 65139K, committed 65792K, reserved 1114112K
  class space    used 8759K, committed 9088K, reserved 1048576K
}

