# JRE version: Java(TM) SE Runtime Environment (21.0.11+9) (build 21.0.11+9-LTS-211)
# Java VM: Java HotSpot(TM) 64-Bit Server VM (21.0.11+9-LTS-211, mixed mode, sharing, tiered, compressed oops, compressed class ptrs, g1 gc, windows-amd64)
GC Precious Log:
 CardTable entry size: 512
 Card Set container configuration: InlinePtr #cards 4 size 8 Array Of Cards #cards 16 size 48 Howl #buckets 8 coarsen threshold 3686 Howl Bitmap #cards 512 size 80 coarsen threshold 460 Card regions per heap region 1 cards per card region 4096
 CPUs: 12 total, 12 available
 Memory: 16013M
 Large Page Support: Disabled
 NUMA Support: Disabled
 Compressed Oops: Enabled (Zero based)
 Heap Region Size: 2M
 Heap Min Capacity: 8M
 Heap Initial Capacity: 252M
 Heap Max Capacity: 4004M
 Pre-touch: Disabled
 Parallel Workers: 10
 Concurrent Workers: 3
 Concurrent Refinement Workers: 10
 Periodic GC: Disabled
Heap:
 garbage-first heap   total 61440K, used 28874K [0x0000000705c00000, 0x0000000800000000)
  region size 2048K, 5 young (10240K), 2 survivors (4096K)
 Metaspace       used 62254K, committed 62848K, reserved 1114112K
  class space    used 8561K, committed 8832K, reserved 1048576K
GC Heap History (18 events):
Event: 0.393 GC heap before
{Heap before GC invocations=0 (full 0):
 garbage-first heap   total 258048K, used 20480K [0x0000000705c00000, 0x0000000800000000)
  region size 2048K, 11 young (22528K), 0 survivors (0K)
 Metaspace       used 7545K, committed 7872K, reserved 1114112K
  class space    used 821K, committed 960K, reserved 1048576K
}
Event: 0.398 GC heap after
{Heap after GC invocations=1 (full 0):
 garbage-first heap   total 258048K, used 5775K [0x0000000705c00000, 0x0000000800000000)
  region size 2048K, 2 young (4096K), 2 survivors (4096K)
 Metaspace       used 7545K, committed 7872K, reserved 1114112K
  class space    used 821K, committed 960K, reserved 1048576K
}
Event: 1.058 GC heap before
{Heap before GC invocations=1 (full 0):
 garbage-first heap   total 258048K, used 34447K [0x0000000705c00000, 0x0000000800000000)
  region size 2048K, 16 young (32768K), 2 survivors (4096K)
 Metaspace       used 17471K, committed 17856K, reserved 1114112K
  class space    used 2189K, committed 2368K, reserved 1048576K
}
Event: 1.063 GC heap after
{Heap after GC invocations=2 (full 0):
 garbage-first heap   total 258048K, used 10219K [0x0000000705c00000, 0x0000000800000000)
  region size 2048K, 2 young (4096K), 2 survivors (4096K)
 Metaspace       used 17471K, committed 17856K, reserved 1114112K
  class space    used 2189K, committed 2368K, reserved 1048576K
}
Event: 1.185 GC heap before
{Heap before GC invocations=2 (full 0):
 garbage-first heap   total 258048K, used 16363K [0x0000000705c00000, 0x0000000800000000)
  region size 2048K, 6 young (12288K), 2 survivors (4096K)
 Metaspace       used 21160K, committed 21504K, reserved 1114112K
  class space    used 2641K, committed 2816K, reserved 1048576K
}
Event: 1.187 GC heap after
{Heap after GC invocations=3 (full 0):
 garbage-first heap   total 258048K, used 11161K [0x0000000705c00000, 0x0000000800000000)
  region size 2048K, 3 young (6144K), 3 survivors (6144K)
 Metaspace       used 21160K, committed 21504K, reserved 1114112K
  class space    used 2641K, committed 2816K, reserved 1048576K
}
Event: 1.632 GC heap before
{Heap before GC invocations=4 (full 0):
 garbage-first heap   total 49152K, used 33689K [0x0000000705c00000, 0x0000000800000000)
  region size 2048K, 14 young (28672K), 3 survivors (6144K)
 Metaspace       used 31069K, committed 31552K, reserved 1114112K
  class space    used 3864K, committed 4096K, reserved 1048576K
}
Event: 1.637 GC heap after
{Heap after GC invocations=5 (full 0):
 garbage-first heap   total 49152K, used 14361K [0x0000000705c00000, 0x0000000800000000)
  region size 2048K, 2 young (4096K), 2 survivors (4096K)
 Metaspace       used 31069K, committed 31552K, reserved 1114112K
  class space    used 3864K, committed 4096K, reserved 1048576K
}
Event: 1.860 GC heap before
{Heap before GC invocations=5 (full 0):
 garbage-first heap   total 49152K, used 28697K [0x0000000705c00000, 0x0000000800000000)
  region size 2048K, 10 young (20480K), 2 survivors (4096K)
 Metaspace       used 35550K, committed 35968K, reserved 1114112K
  class space    used 4492K, committed 4672K, reserved 1048576K
}
Event: 1.864 GC heap after
{Heap after GC invocations=6 (full 0):
 garbage-first heap   total 49152K, used 14736K [0x0000000705c00000, 0x0000000800000000)
  region size 2048K, 1 young (2048K), 1 survivors (2048K)
 Metaspace       used 35550K, committed 35968K, reserved 1114112K
  class space    used 4492K, committed 4672K, reserved 1048576K
}
Event: 1.879 GC heap before
{Heap before GC invocations=6 (full 0):
 garbage-first heap   total 49152K, used 14736K [0x0000000705c00000, 0x0000000800000000)
  region size 2048K, 2 young (4096K), 1 survivors (2048K)
 Metaspace       used 35887K, committed 36288K, reserved 1114112K
  class space    used 4538K, committed 4736K, reserved 1048576K
}
Event: 1.880 GC heap after
{Heap after GC invocations=7 (full 0):
 garbage-first heap   total 153600K, used 14749K [0x0000000705c00000, 0x0000000800000000)
  region size 2048K, 1 young (2048K), 1 survivors (2048K)
 Metaspace       used 35887K, committed 36288K, reserved 1114112K
  class space    used 4538K, committed 4736K, reserved 1048576K
}
Event: 2.408 GC heap before
{Heap before GC invocations=8 (full 0):
 garbage-first heap   total 61440K, used 49565K [0x0000000705c00000, 0x0000000800000000)
  region size 2048K, 18 young (36864K), 1 survivors (2048K)
 Metaspace       used 45736K, committed 46208K, reserved 1114112K
  class space    used 6071K, committed 6272K, reserved 1048576K
}
Event: 2.410 GC heap after
{Heap after GC invocations=9 (full 0):
 garbage-first heap   total 61440K, used 16349K [0x0000000705c00000, 0x0000000800000000)
  region size 2048K, 2 young (4096K), 2 survivors (4096K)
 Metaspace       used 45736K, committed 46208K, reserved 1114112K
  class space    used 6071K, committed 6272K, reserved 1048576K
}
Event: 2.994 GC heap before
{Heap before GC invocations=9 (full 0):
 garbage-first heap   total 61440K, used 49117K [0x0000000705c00000, 0x0000000800000000)
  region size 2048K, 18 young (36864K), 2 survivors (4096K)
 Metaspace       used 55731K, committed 56320K, reserved 1114112K
  class space    used 7852K, committed 8128K, reserved 1048576K
}
Event: 2.997 GC heap after
{Heap after GC invocations=10 (full 0):
 garbage-first heap   total 61440K, used 19664K [0x0000000705c00000, 0x0000000800000000)
  region size 2048K, 3 young (6144K), 3 survivors (6144K)
 Metaspace       used 55731K, committed 56320K, reserved 1114112K
  class space    used 7852K, committed 8128K, reserved 1048576K
}
Event: 7.558 GC heap before
{Heap before GC invocations=10 (full 0):
 garbage-first heap   total 61440K, used 36048K [0x0000000705c00000, 0x0000000800000000)
  region size 2048K, 12 young (24576K), 3 survivors (6144K)
 Metaspace       used 60111K, committed 60736K, reserved 1114112K
  class space    used 8335K, committed 8640K, reserved 1048576K
}
Event: 7.563 GC heap after
{Heap after GC invocations=11 (full 0):
 garbage-first heap   total 61440K, used 24778K [0x0000000705c00000, 0x0000000800000000)
  region size 2048K, 2 young (4096K), 2 survivors (4096K)
 Metaspace       used 60111K, committed 60736K, reserved 1114112K
  class space    used 8335K, committed 8640K, reserved 1048576K
}

