# JRE version: Java(TM) SE Runtime Environment (21.0.11+9) (build 21.0.11+9-LTS-211)
# Java VM: Java HotSpot(TM) 64-Bit Server VM (21.0.11+9-LTS-211, mixed mode, sharing, tiered, compressed oops, compressed class ptrs, g1 gc, windows-amd64)
GC Precious Log:
 CardTable entry size: 512
 Card Set container configuration: InlinePtr #cards 4 size 8 Array Of Cards #cards 16 size 48 Howl #buckets 8 coarsen threshold 3686 Howl Bitmap #cards 512 size 80 coarsen threshold 460 Card regions per heap region 1 cards per card region 4096
 CPUs: 12 total, 12 available
 Memory: 16013M
 Large Page Support: Disabled
 NUMA Support: Disabled
 Compressed Oops: Enabled (Zero based)
 Heap Region Size: 2M
 Heap Min Capacity: 8M
 Heap Initial Capacity: 252M
 Heap Max Capacity: 4004M
 Pre-touch: Disabled
 Parallel Workers: 10
 Concurrent Workers: 3
 Concurrent Refinement Workers: 10
 Periodic GC: Disabled
Heap:
 garbage-first heap   total 69632K, used 55659K [0x0000000705c00000, 0x0000000800000000)
  region size 2048K, 12 young (24576K), 2 survivors (4096K)
 Metaspace       used 67925K, committed 68544K, reserved 1114112K
  class space    used 9075K, committed 9344K, reserved 1048576K
GC Heap History (20 events):
Event: 9.921 GC heap before
{Heap before GC invocations=10 (full 0):
 garbage-first heap   total 49152K, used 38428K [0x0000000705c00000, 0x0000000800000000)
  region size 2048K, 11 young (22528K), 2 survivors (4096K)
 Metaspace       used 57913K, committed 58432K, reserved 1114112K
  class space    used 8019K, committed 8256K, reserved 1048576K
}
Event: 9.923 GC heap after
{Heap after GC invocations=11 (full 0):
 garbage-first heap   total 49152K, used 23670K [0x0000000705c00000, 0x0000000800000000)
  region size 2048K, 1 young (2048K), 1 survivors (2048K)
 Metaspace       used 57913K, committed 58432K, reserved 1114112K
  class space    used 8019K, committed 8256K, reserved 1048576K
}
Event: 10.159 GC heap before
{Heap before GC invocations=11 (full 0):
 garbage-first heap   total 49152K, used 42102K [0x0000000705c00000, 0x0000000800000000)
  region size 2048K, 10 young (20480K), 1 survivors (2048K)
 Metaspace       used 58748K, committed 59328K, reserved 1114112K
  class space    used 8114K, committed 8384K, reserved 1048576K
}
Event: 10.161 GC heap after
{Heap after GC invocations=12 (full 0):
 garbage-first heap   total 49152K, used 24276K [0x0000000705c00000, 0x0000000800000000)
  region size 2048K, 2 young (4096K), 2 survivors (4096K)
 Metaspace       used 58748K, committed 59328K, reserved 1114112K
  class space    used 8114K, committed 8384K, reserved 1048576K
}
Event: 13.375 GC heap before
{Heap before GC invocations=13 (full 0):
 garbage-first heap   total 49152K, used 36564K [0x0000000705c00000, 0x0000000800000000)
  region size 2048K, 9 young (18432K), 2 survivors (4096K)
 Metaspace       used 60094K, committed 60672K, reserved 1114112K
  class space    used 8285K, committed 8512K, reserved 1048576K
}
Event: 13.377 GC heap after
{Heap after GC invocations=14 (full 0):
 garbage-first heap   total 49152K, used 26877K [0x0000000705c00000, 0x0000000800000000)
  region size 2048K, 2 young (4096K), 2 survivors (4096K)
 Metaspace       used 60094K, committed 60672K, reserved 1114112K
  class space    used 8285K, committed 8512K, reserved 1048576K
}
Event: 13.598 GC heap before
{Heap before GC invocations=14 (full 0):
 garbage-first heap   total 49152K, used 39165K [0x0000000705c00000, 0x0000000800000000)
  region size 2048K, 8 young (16384K), 2 survivors (4096K)
 Metaspace       used 61321K, committed 61888K, reserved 1114112K
  class space    used 8495K, committed 8768K, reserved 1048576K
}
Event: 13.601 GC heap after
{Heap after GC invocations=15 (full 0):
 garbage-first heap   total 49152K, used 27865K [0x0000000705c00000, 0x0000000800000000)
  region size 2048K, 1 young (2048K), 1 survivors (2048K)
 Metaspace       used 61321K, committed 61888K, reserved 1114112K
  class space    used 8495K, committed 8768K, reserved 1048576K
}
Event: 13.742 GC heap before
{Heap before GC invocations=15 (full 0):
 garbage-first heap   total 49152K, used 42201K [0x0000000705c00000, 0x0000000800000000)
  region size 2048K, 8 young (16384K), 1 survivors (2048K)
 Metaspace       used 61713K, committed 62272K, reserved 1114112K
  class space    used 8511K, committed 8768K, reserved 1048576K
}
Event: 13.745 GC heap after
{Heap after GC invocations=16 (full 0):
 garbage-first heap   total 49152K, used 32191K [0x0000000705c00000, 0x0000000800000000)
  region size 2048K, 1 young (2048K), 1 survivors (2048K)
 Metaspace       used 61713K, committed 62272K, reserved 1114112K
  class space    used 8511K, committed 8768K, reserved 1048576K
}
Event: 14.673 GC heap before
{Heap before GC invocations=17 (full 0):
 garbage-first heap   total 61440K, used 44479K [0x0000000705c00000, 0x0000000800000000)
  region size 2048K, 6 young (12288K), 1 survivors (2048K)
 Metaspace       used 62295K, committed 62912K, reserved 1114112K
  class space    used 8572K, committed 8832K, reserved 1048576K
}
Event: 14.675 GC heap after
{Heap after GC invocations=18 (full 0):
 garbage-first heap   total 61440K, used 36007K [0x0000000705c00000, 0x0000000800000000)
  region size 2048K, 1 young (2048K), 1 survivors (2048K)
 Metaspace       used 62295K, committed 62912K, reserved 1114112K
  class space    used 8572K, committed 8832K, reserved 1048576K
}
Event: 18.948 GC heap before
{Heap before GC invocations=18 (full 0):
 garbage-first heap   total 61440K, used 50343K [0x0000000705c00000, 0x0000000800000000)
  region size 2048K, 8 young (16384K), 1 survivors (2048K)
 Metaspace       used 62984K, committed 63616K, reserved 1114112K
  class space    used 8623K, committed 8896K, reserved 1048576K
}
Event: 18.951 GC heap after
{Heap after GC invocations=19 (full 0):
 garbage-first heap   total 61440K, used 37779K [0x0000000705c00000, 0x0000000800000000)
  region size 2048K, 1 young (2048K), 1 survivors (2048K)
 Metaspace       used 62984K, committed 63616K, reserved 1114112K
  class space    used 8623K, committed 8896K, reserved 1048576K
}
Event: 20.177 GC heap before
{Heap before GC invocations=19 (full 0):
 garbage-first heap   total 61440K, used 52115K [0x0000000705c00000, 0x0000000800000000)
  region size 2048K, 8 young (16384K), 1 survivors (2048K)
 Metaspace       used 63348K, committed 63936K, reserved 1114112K
  class space    used 8634K, committed 8896K, reserved 1048576K
}
Event: 20.180 GC heap after
{Heap after GC invocations=20 (full 0):
 garbage-first heap   total 61440K, used 39421K [0x0000000705c00000, 0x0000000800000000)
  region size 2048K, 1 young (2048K), 1 survivors (2048K)
 Metaspace       used 63348K, committed 63936K, reserved 1114112K
  class space    used 8634K, committed 8896K, reserved 1048576K
}
Event: 21.146 GC heap before
{Heap before GC invocations=21 (full 0):
 garbage-first heap   total 69632K, used 49661K [0x0000000705c00000, 0x0000000800000000)
  region size 2048K, 7 young (14336K), 1 survivors (2048K)
 Metaspace       used 63596K, committed 64192K, reserved 1114112K
  class space    used 8651K, committed 8896K, reserved 1048576K
}
Event: 21.149 GC heap after
{Heap after GC invocations=22 (full 0):
 garbage-first heap   total 69632K, used 38648K [0x0000000705c00000, 0x0000000800000000)
  region size 2048K, 1 young (2048K), 1 survivors (2048K)
 Metaspace       used 63596K, committed 64192K, reserved 1114112K
  class space    used 8651K, committed 8896K, reserved 1048576K
}
Event: 34.117 GC heap before
{Heap before GC invocations=22 (full 0):
 garbage-first heap   total 69632K, used 59128K [0x0000000705c00000, 0x0000000800000000)
  region size 2048K, 11 young (22528K), 1 survivors (2048K)
 Metaspace       used 67519K, committed 68160K, reserved 1114112K
  class space    used 9059K, committed 9344K, reserved 1048576K
}
Event: 34.120 GC heap after
{Heap after GC invocations=23 (full 0):
 garbage-first heap   total 69632K, used 37227K [0x0000000705c00000, 0x0000000800000000)
  region size 2048K, 2 young (4096K), 2 survivors (4096K)
 Metaspace       used 67519K, committed 68160K, reserved 1114112K
  class space    used 9059K, committed 9344K, reserved 1048576K
}

