# JRE version: Java(TM) SE Runtime Environment (21.0.11+9) (build 21.0.11+9-LTS-211)
# Java VM: Java HotSpot(TM) 64-Bit Server VM (21.0.11+9-LTS-211, mixed mode, sharing, tiered, compressed oops, compressed class ptrs, g1 gc, windows-amd64)
GC Precious Log:
 CardTable entry size: 512
 Card Set container configuration: InlinePtr #cards 4 size 8 Array Of Cards #cards 16 size 48 Howl #buckets 8 coarsen threshold 3686 Howl Bitmap #cards 512 size 80 coarsen threshold 460 Card regions per heap region 1 cards per card region 4096
 CPUs: 12 total, 12 available
 Memory: 16013M
 Large Page Support: Disabled
 NUMA Support: Disabled
 Compressed Oops: Enabled (Zero based)
 Heap Region Size: 2M
 Heap Min Capacity: 8M
 Heap Initial Capacity: 252M
 Heap Max Capacity: 4004M
 Pre-touch: Disabled
 Parallel Workers: 10
 Concurrent Workers: 3
 Concurrent Refinement Workers: 10
 Periodic GC: Disabled
Heap:
 garbage-first heap   total 51200K, used 28041K [0x0000000705c00000, 0x0000000800000000)
  region size 2048K, 4 young (8192K), 2 survivors (4096K)
 Metaspace       used 62669K, committed 63296K, reserved 1114112K
  class space    used 8568K, committed 8832K, reserved 1048576K
GC Heap History (20 events):
Event: 0.701 GC heap before
{Heap before GC invocations=0 (full 0):
 garbage-first heap   total 258048K, used 20480K [0x0000000705c00000, 0x0000000800000000)
  region size 2048K, 11 young (22528K), 0 survivors (0K)
 Metaspace       used 7788K, committed 8064K, reserved 1114112K
  class space    used 841K, committed 960K, reserved 1048576K
}
Event: 0.706 GC heap after
{Heap after GC invocations=1 (full 0):
 garbage-first heap   total 258048K, used 5590K [0x0000000705c00000, 0x0000000800000000)
  region size 2048K, 2 young (4096K), 2 survivors (4096K)
 Metaspace       used 7788K, committed 8064K, reserved 1114112K
  class space    used 841K, committed 960K, reserved 1048576K
}
Event: 1.684 GC heap before
{Heap before GC invocations=1 (full 0):
 garbage-first heap   total 258048K, used 34262K [0x0000000705c00000, 0x0000000800000000)
  region size 2048K, 16 young (32768K), 2 survivors (4096K)
 Metaspace       used 17602K, committed 18048K, reserved 1114112K
  class space    used 2200K, committed 2432K, reserved 1048576K
}
Event: 1.691 GC heap after
{Heap after GC invocations=2 (full 0):
 garbage-first heap   total 258048K, used 10010K [0x0000000705c00000, 0x0000000800000000)
  region size 2048K, 2 young (4096K), 2 survivors (4096K)
 Metaspace       used 17602K, committed 18048K, reserved 1114112K
  class space    used 2200K, committed 2432K, reserved 1048576K
}
Event: 1.860 GC heap before
{Heap before GC invocations=2 (full 0):
 garbage-first heap   total 258048K, used 16154K [0x0000000705c00000, 0x0000000800000000)
  region size 2048K, 6 young (12288K), 2 survivors (4096K)
 Metaspace       used 21142K, committed 21504K, reserved 1114112K
  class space    used 2633K, committed 2816K, reserved 1048576K
}
Event: 1.863 GC heap after
{Heap after GC invocations=3 (full 0):
 garbage-first heap   total 258048K, used 10906K [0x0000000705c00000, 0x0000000800000000)
  region size 2048K, 3 young (6144K), 3 survivors (6144K)
 Metaspace       used 21142K, committed 21504K, reserved 1114112K
  class space    used 2633K, committed 2816K, reserved 1048576K
}
Event: 2.491 GC heap before
{Heap before GC invocations=4 (full 0):
 garbage-first heap   total 49152K, used 33434K [0x0000000705c00000, 0x0000000800000000)
  region size 2048K, 14 young (28672K), 3 survivors (6144K)
 Metaspace       used 31089K, committed 31616K, reserved 1114112K
  class space    used 3861K, committed 4096K, reserved 1048576K
}
Event: 2.496 GC heap after
{Heap after GC invocations=5 (full 0):
 garbage-first heap   total 49152K, used 13813K [0x0000000705c00000, 0x0000000800000000)
  region size 2048K, 2 young (4096K), 2 survivors (4096K)
 Metaspace       used 31089K, committed 31616K, reserved 1114112K
  class space    used 3861K, committed 4096K, reserved 1048576K
}
Event: 2.847 GC heap before
{Heap before GC invocations=5 (full 0):
 garbage-first heap   total 49152K, used 28149K [0x0000000705c00000, 0x0000000800000000)
  region size 2048K, 10 young (20480K), 2 survivors (4096K)
 Metaspace       used 35573K, committed 35968K, reserved 1114112K
  class space    used 4491K, committed 4672K, reserved 1048576K
}
Event: 2.852 GC heap after
{Heap after GC invocations=6 (full 0):
 garbage-first heap   total 49152K, used 14993K [0x0000000705c00000, 0x0000000800000000)
  region size 2048K, 1 young (2048K), 1 survivors (2048K)
 Metaspace       used 35573K, committed 35968K, reserved 1114112K
  class space    used 4491K, committed 4672K, reserved 1048576K
}
Event: 2.869 GC heap before
{Heap before GC invocations=6 (full 0):
 garbage-first heap   total 49152K, used 14993K [0x0000000705c00000, 0x0000000800000000)
  region size 2048K, 2 young (4096K), 1 survivors (2048K)
 Metaspace       used 35893K, committed 36288K, reserved 1114112K
  class space    used 4536K, committed 4736K, reserved 1048576K
}
Event: 2.871 GC heap after
{Heap after GC invocations=7 (full 0):
 garbage-first heap   total 49152K, used 14899K [0x0000000705c00000, 0x0000000800000000)
  region size 2048K, 1 young (2048K), 1 survivors (2048K)
 Metaspace       used 35893K, committed 36288K, reserved 1114112K
  class space    used 4536K, committed 4736K, reserved 1048576K
}
Event: 3.322 GC heap before
{Heap before GC invocations=8 (full 0):
 garbage-first heap   total 49152K, used 37427K [0x0000000705c00000, 0x0000000800000000)
  region size 2048K, 12 young (24576K), 1 survivors (2048K)
 Metaspace       used 42717K, committed 43264K, reserved 1114112K
  class space    used 5639K, committed 5888K, reserved 1048576K
}
Event: 3.324 GC heap after
{Heap after GC invocations=9 (full 0):
 garbage-first heap   total 49152K, used 15797K [0x0000000705c00000, 0x0000000800000000)
  region size 2048K, 1 young (2048K), 1 survivors (2048K)
 Metaspace       used 42717K, committed 43264K, reserved 1114112K
  class space    used 5639K, committed 5888K, reserved 1048576K
}
Event: 4.087 GC heap before
{Heap before GC invocations=9 (full 0):
 garbage-first heap   total 49152K, used 38325K [0x0000000705c00000, 0x0000000800000000)
  region size 2048K, 13 young (26624K), 1 survivors (2048K)
 Metaspace       used 50105K, committed 50624K, reserved 1114112K
  class space    used 6717K, committed 6912K, reserved 1048576K
}
Event: 4.090 GC heap after
{Heap after GC invocations=10 (full 0):
 garbage-first heap   total 49152K, used 17631K [0x0000000705c00000, 0x0000000800000000)
  region size 2048K, 2 young (4096K), 2 survivors (4096K)
 Metaspace       used 50105K, committed 50624K, reserved 1114112K
  class space    used 6717K, committed 6912K, reserved 1048576K
}
Event: 4.778 GC heap before
{Heap before GC invocations=10 (full 0):
 garbage-first heap   total 49152K, used 40159K [0x0000000705c00000, 0x0000000800000000)
  region size 2048K, 13 young (26624K), 2 survivors (4096K)
 Metaspace       used 56615K, committed 57152K, reserved 1114112K
  class space    used 7954K, committed 8192K, reserved 1048576K
}
Event: 4.784 GC heap after
{Heap after GC invocations=11 (full 0):
 garbage-first heap   total 49152K, used 20182K [0x0000000705c00000, 0x0000000800000000)
  region size 2048K, 2 young (4096K), 2 survivors (4096K)
 Metaspace       used 56615K, committed 57152K, reserved 1114112K
  class space    used 7954K, committed 8192K, reserved 1048576K
}
Event: 27.837 GC heap before
{Heap before GC invocations=11 (full 0):
 garbage-first heap   total 49152K, used 40662K [0x0000000705c00000, 0x0000000800000000)
  region size 2048K, 12 young (24576K), 2 survivors (4096K)
 Metaspace       used 60233K, committed 60736K, reserved 1114112K
  class space    used 8293K, committed 8512K, reserved 1048576K
}
Event: 27.842 GC heap after
{Heap after GC invocations=12 (full 0):
 garbage-first heap   total 51200K, used 25993K [0x0000000705c00000, 0x0000000800000000)
  region size 2048K, 2 young (4096K), 2 survivors (4096K)
 Metaspace       used 60233K, committed 60736K, reserved 1114112K
  class space    used 8293K, committed 8512K, reserved 1048576K
}

