# JRE version: Java(TM) SE Runtime Environment (21.0.11+9) (build 21.0.11+9-LTS-211)
# Java VM: Java HotSpot(TM) 64-Bit Server VM (21.0.11+9-LTS-211, mixed mode, sharing, tiered, compressed oops, compressed class ptrs, g1 gc, windows-amd64)
GC Precious Log:
 CardTable entry size: 512
 Card Set container configuration: InlinePtr #cards 4 size 8 Array Of Cards #cards 16 size 48 Howl #buckets 8 coarsen threshold 3686 Howl Bitmap #cards 512 size 80 coarsen threshold 460 Card regions per heap region 1 cards per card region 4096
 CPUs: 12 total, 12 available
 Memory: 16013M
 Large Page Support: Disabled
 NUMA Support: Disabled
 Compressed Oops: Enabled (Zero based)
 Heap Region Size: 2M
 Heap Min Capacity: 8M
 Heap Initial Capacity: 252M
 Heap Max Capacity: 4004M
 Pre-touch: Disabled
 Parallel Workers: 10
 Concurrent Workers: 3
 Concurrent Refinement Workers: 10
 Periodic GC: Disabled
Heap:
 garbage-first heap   total 102400K, used 74605K [0x0000000705c00000, 0x0000000800000000)
  region size 2048K, 25 young (51200K), 1 survivors (2048K)
 Metaspace       used 66643K, committed 67264K, reserved 1114112K
  class space    used 9064K, committed 9344K, reserved 1048576K
GC Heap History (18 events):
Event: 0.497 GC heap before
{Heap before GC invocations=0 (full 0):
 garbage-first heap   total 258048K, used 20480K [0x0000000705c00000, 0x0000000800000000)
  region size 2048K, 11 young (22528K), 0 survivors (0K)
 Metaspace       used 7569K, committed 7872K, reserved 1114112K
  class space    used 822K, committed 960K, reserved 1048576K
}
Event: 0.502 GC heap after
{Heap after GC invocations=1 (full 0):
 garbage-first heap   total 258048K, used 5656K [0x0000000705c00000, 0x0000000800000000)
  region size 2048K, 2 young (4096K), 2 survivors (4096K)
 Metaspace       used 7569K, committed 7872K, reserved 1114112K
  class space    used 822K, committed 960K, reserved 1048576K
}
Event: 1.302 GC heap before
{Heap before GC invocations=1 (full 0):
 garbage-first heap   total 258048K, used 32280K [0x0000000705c00000, 0x0000000800000000)
  region size 2048K, 16 young (32768K), 2 survivors (4096K)
 Metaspace       used 17477K, committed 17856K, reserved 1114112K
  class space    used 2191K, committed 2368K, reserved 1048576K
}
Event: 1.307 GC heap after
{Heap after GC invocations=2 (full 0):
 garbage-first heap   total 258048K, used 9874K [0x0000000705c00000, 0x0000000800000000)
  region size 2048K, 2 young (4096K), 2 survivors (4096K)
 Metaspace       used 17477K, committed 17856K, reserved 1114112K
  class space    used 2191K, committed 2368K, reserved 1048576K
}
Event: 1.512 GC heap before
{Heap before GC invocations=2 (full 0):
 garbage-first heap   total 258048K, used 16018K [0x0000000705c00000, 0x0000000800000000)
  region size 2048K, 6 young (12288K), 2 survivors (4096K)
 Metaspace       used 21132K, committed 21504K, reserved 1114112K
  class space    used 2635K, committed 2816K, reserved 1048576K
}
Event: 1.515 GC heap after
{Heap after GC invocations=3 (full 0):
 garbage-first heap   total 258048K, used 10929K [0x0000000705c00000, 0x0000000800000000)
  region size 2048K, 3 young (6144K), 3 survivors (6144K)
 Metaspace       used 21132K, committed 21504K, reserved 1114112K
  class space    used 2635K, committed 2816K, reserved 1048576K
}
Event: 2.066 GC heap before
{Heap before GC invocations=4 (full 0):
 garbage-first heap   total 49152K, used 33457K [0x0000000705c00000, 0x0000000800000000)
  region size 2048K, 14 young (28672K), 3 survivors (6144K)
 Metaspace       used 31108K, committed 31552K, reserved 1114112K
  class space    used 3862K, committed 4096K, reserved 1048576K
}
Event: 2.071 GC heap after
{Heap after GC invocations=5 (full 0):
 garbage-first heap   total 49152K, used 13884K [0x0000000705c00000, 0x0000000800000000)
  region size 2048K, 2 young (4096K), 2 survivors (4096K)
 Metaspace       used 31108K, committed 31552K, reserved 1114112K
  class space    used 3862K, committed 4096K, reserved 1048576K
}
Event: 2.366 GC heap before
{Heap before GC invocations=5 (full 0):
 garbage-first heap   total 49152K, used 26172K [0x0000000705c00000, 0x0000000800000000)
  region size 2048K, 10 young (20480K), 2 survivors (4096K)
 Metaspace       used 35637K, committed 36096K, reserved 1114112K
  class space    used 4505K, committed 4736K, reserved 1048576K
}
Event: 2.369 GC heap after
{Heap after GC invocations=6 (full 0):
 garbage-first heap   total 49152K, used 14846K [0x0000000705c00000, 0x0000000800000000)
  region size 2048K, 1 young (2048K), 1 survivors (2048K)
 Metaspace       used 35637K, committed 36096K, reserved 1114112K
  class space    used 4505K, committed 4736K, reserved 1048576K
}
Event: 2.387 GC heap before
{Heap before GC invocations=6 (full 0):
 garbage-first heap   total 49152K, used 14846K [0x0000000705c00000, 0x0000000800000000)
  region size 2048K, 2 young (4096K), 1 survivors (2048K)
 Metaspace       used 36014K, committed 36416K, reserved 1114112K
  class space    used 4558K, committed 4736K, reserved 1048576K
}
Event: 2.388 GC heap after
{Heap after GC invocations=7 (full 0):
 garbage-first heap   total 49152K, used 14690K [0x0000000705c00000, 0x0000000800000000)
  region size 2048K, 1 young (2048K), 1 survivors (2048K)
 Metaspace       used 36014K, committed 36416K, reserved 1114112K
  class space    used 4558K, committed 4736K, reserved 1048576K
}
Event: 2.816 GC heap before
{Heap before GC invocations=8 (full 0):
 garbage-first heap   total 49152K, used 35170K [0x0000000705c00000, 0x0000000800000000)
  region size 2048K, 12 young (24576K), 1 survivors (2048K)
 Metaspace       used 42856K, committed 43328K, reserved 1114112K
  class space    used 5665K, committed 5888K, reserved 1048576K
}
Event: 2.818 GC heap after
{Heap after GC invocations=9 (full 0):
 garbage-first heap   total 153600K, used 15566K [0x0000000705c00000, 0x0000000800000000)
  region size 2048K, 1 young (2048K), 1 survivors (2048K)
 Metaspace       used 42856K, committed 43328K, reserved 1114112K
  class space    used 5665K, committed 5888K, reserved 1048576K
}
Event: 15.596 GC heap before
{Heap before GC invocations=9 (full 0):
 garbage-first heap   total 153600K, used 107726K [0x0000000705c00000, 0x0000000800000000)
  region size 2048K, 45 young (92160K), 1 survivors (2048K)
 Metaspace       used 59838K, committed 60352K, reserved 1114112K
  class space    used 8243K, committed 8512K, reserved 1048576K
}
Event: 15.602 GC heap after
{Heap after GC invocations=10 (full 0):
 garbage-first heap   total 153600K, used 25696K [0x0000000705c00000, 0x0000000800000000)
  region size 2048K, 5 young (10240K), 5 survivors (10240K)
 Metaspace       used 59838K, committed 60352K, reserved 1114112K
  class space    used 8243K, committed 8512K, reserved 1048576K
}
Event: 15.816 GC heap before
{Heap before GC invocations=10 (full 0):
 garbage-first heap   total 153600K, used 40032K [0x0000000705c00000, 0x0000000800000000)
  region size 2048K, 13 young (26624K), 5 survivors (10240K)
 Metaspace       used 60425K, committed 60928K, reserved 1114112K
  class space    used 8286K, committed 8512K, reserved 1048576K
}
Event: 15.820 GC heap after
{Heap after GC invocations=11 (full 0):
 garbage-first heap   total 153600K, used 27501K [0x0000000705c00000, 0x0000000800000000)
  region size 2048K, 1 young (2048K), 1 survivors (2048K)
 Metaspace       used 60425K, committed 60928K, reserved 1114112K
  class space    used 8286K, committed 8512K, reserved 1048576K
}

