# JRE version: Java(TM) SE Runtime Environment (21.0.11+9) (build 21.0.11+9-LTS-211)
# Java VM: Java HotSpot(TM) 64-Bit Server VM (21.0.11+9-LTS-211, mixed mode, sharing, tiered, compressed oops, compressed class ptrs, g1 gc, windows-amd64)
GC Precious Log:
 CardTable entry size: 512
 Card Set container configuration: InlinePtr #cards 4 size 8 Array Of Cards #cards 16 size 48 Howl #buckets 8 coarsen threshold 3686 Howl Bitmap #cards 512 size 80 coarsen threshold 460 Card regions per heap region 1 cards per card region 4096
 CPUs: 12 total, 12 available
 Memory: 16013M
 Large Page Support: Disabled
 NUMA Support: Disabled
 Compressed Oops: Enabled (Zero based)
 Heap Region Size: 2M
 Heap Min Capacity: 8M
 Heap Initial Capacity: 252M
 Heap Max Capacity: 4004M
 Pre-touch: Disabled
 Parallel Workers: 10
 Concurrent Workers: 3
 Concurrent Refinement Workers: 10
 Periodic GC: Disabled
Heap:
 garbage-first heap   total 96256K, used 31522K [0x0000000705c00000, 0x0000000800000000)
  region size 2048K, 9 young (18432K), 5 survivors (10240K)
 Metaspace       used 62498K, committed 63104K, reserved 1114112K
  class space    used 8561K, committed 8832K, reserved 1048576K
GC Heap History (16 events):
Event: 0.560 GC heap before
{Heap before GC invocations=0 (full 0):
 garbage-first heap   total 258048K, used 22528K [0x0000000705c00000, 0x0000000800000000)
  region size 2048K, 11 young (22528K), 0 survivors (0K)
 Metaspace       used 7768K, committed 8064K, reserved 1114112K
  class space    used 841K, committed 960K, reserved 1048576K
}
Event: 0.564 GC heap after
{Heap after GC invocations=1 (full 0):
 garbage-first heap   total 258048K, used 5614K [0x0000000705c00000, 0x0000000800000000)
  region size 2048K, 2 young (4096K), 2 survivors (4096K)
 Metaspace       used 7768K, committed 8064K, reserved 1114112K
  class space    used 841K, committed 960K, reserved 1048576K
}
Event: 1.355 GC heap before
{Heap before GC invocations=1 (full 0):
 garbage-first heap   total 258048K, used 32238K [0x0000000705c00000, 0x0000000800000000)
  region size 2048K, 16 young (32768K), 2 survivors (4096K)
 Metaspace       used 17576K, committed 17984K, reserved 1114112K
  class space    used 2201K, committed 2432K, reserved 1048576K
}
Event: 1.361 GC heap after
{Heap after GC invocations=2 (full 0):
 garbage-first heap   total 258048K, used 9942K [0x0000000705c00000, 0x0000000800000000)
  region size 2048K, 2 young (4096K), 2 survivors (4096K)
 Metaspace       used 17576K, committed 17984K, reserved 1114112K
  class space    used 2201K, committed 2432K, reserved 1048576K
}
Event: 1.486 GC heap before
{Heap before GC invocations=2 (full 0):
 garbage-first heap   total 258048K, used 16086K [0x0000000705c00000, 0x0000000800000000)
  region size 2048K, 6 young (12288K), 2 survivors (4096K)
 Metaspace       used 21162K, committed 21504K, reserved 1114112K
  class space    used 2642K, committed 2816K, reserved 1048576K
}
Event: 1.489 GC heap after
{Heap after GC invocations=3 (full 0):
 garbage-first heap   total 258048K, used 10907K [0x0000000705c00000, 0x0000000800000000)
  region size 2048K, 3 young (6144K), 3 survivors (6144K)
 Metaspace       used 21162K, committed 21504K, reserved 1114112K
  class space    used 2642K, committed 2816K, reserved 1048576K
}
Event: 2.111 GC heap before
{Heap before GC invocations=4 (full 0):
 garbage-first heap   total 49152K, used 33435K [0x0000000705c00000, 0x0000000800000000)
  region size 2048K, 14 young (28672K), 3 survivors (6144K)
 Metaspace       used 31149K, committed 31616K, reserved 1114112K
  class space    used 3871K, committed 4096K, reserved 1048576K
}
Event: 2.122 GC heap after
{Heap after GC invocations=5 (full 0):
 garbage-first heap   total 49152K, used 14152K [0x0000000705c00000, 0x0000000800000000)
  region size 2048K, 2 young (4096K), 2 survivors (4096K)
 Metaspace       used 31149K, committed 31616K, reserved 1114112K
  class space    used 3871K, committed 4096K, reserved 1048576K
}
Event: 2.470 GC heap before
{Heap before GC invocations=5 (full 0):
 garbage-first heap   total 49152K, used 28488K [0x0000000705c00000, 0x0000000800000000)
  region size 2048K, 10 young (20480K), 2 survivors (4096K)
 Metaspace       used 35555K, committed 35968K, reserved 1114112K
  class space    used 4494K, committed 4672K, reserved 1048576K
}
Event: 2.478 GC heap after
{Heap after GC invocations=6 (full 0):
 garbage-first heap   total 49152K, used 15477K [0x0000000705c00000, 0x0000000800000000)
  region size 2048K, 1 young (2048K), 1 survivors (2048K)
 Metaspace       used 35555K, committed 35968K, reserved 1114112K
  class space    used 4494K, committed 4672K, reserved 1048576K
}
Event: 2.497 GC heap before
{Heap before GC invocations=6 (full 0):
 garbage-first heap   total 49152K, used 15477K [0x0000000705c00000, 0x0000000800000000)
  region size 2048K, 2 young (4096K), 1 survivors (2048K)
 Metaspace       used 35887K, committed 36288K, reserved 1114112K
  class space    used 4539K, committed 4736K, reserved 1048576K
}
Event: 2.498 GC heap after
{Heap after GC invocations=7 (full 0):
 garbage-first heap   total 49152K, used 15259K [0x0000000705c00000, 0x0000000800000000)
  region size 2048K, 1 young (2048K), 1 survivors (2048K)
 Metaspace       used 35887K, committed 36288K, reserved 1114112K
  class space    used 4539K, committed 4736K, reserved 1048576K
}
Event: 2.886 GC heap before
{Heap before GC invocations=8 (full 0):
 garbage-first heap   total 49152K, used 35739K [0x0000000705c00000, 0x0000000800000000)
  region size 2048K, 12 young (24576K), 1 survivors (2048K)
 Metaspace       used 42707K, committed 43200K, reserved 1114112K
  class space    used 5641K, committed 5888K, reserved 1048576K
}
Event: 2.888 GC heap after
{Heap after GC invocations=9 (full 0):
 garbage-first heap   total 153600K, used 16155K [0x0000000705c00000, 0x0000000800000000)
  region size 2048K, 1 young (2048K), 1 survivors (2048K)
 Metaspace       used 42707K, committed 43200K, reserved 1114112K
  class space    used 5641K, committed 5888K, reserved 1048576K
}
Event: 12.672 GC heap before
{Heap before GC invocations=9 (full 0):
 garbage-first heap   total 153600K, used 77595K [0x0000000705c00000, 0x0000000800000000)
  region size 2048K, 32 young (65536K), 1 survivors (2048K)
 Metaspace       used 60163K, committed 60736K, reserved 1114112K
  class space    used 8320K, committed 8576K, reserved 1048576K
}
Event: 12.681 GC heap after
{Heap after GC invocations=10 (full 0):
 garbage-first heap   total 153600K, used 25378K [0x0000000705c00000, 0x0000000800000000)
  region size 2048K, 5 young (10240K), 5 survivors (10240K)
 Metaspace       used 60163K, committed 60736K, reserved 1114112K
  class space    used 8320K, committed 8576K, reserved 1048576K
}

