# JRE version: Java(TM) SE Runtime Environment (21.0.11+9) (build 21.0.11+9-LTS-211)
# Java VM: Java HotSpot(TM) 64-Bit Server VM (21.0.11+9-LTS-211, mixed mode, sharing, tiered, compressed oops, compressed class ptrs, g1 gc, windows-amd64)
GC Precious Log:
 CardTable entry size: 512
 Card Set container configuration: InlinePtr #cards 4 size 8 Array Of Cards #cards 16 size 48 Howl #buckets 8 coarsen threshold 3686 Howl Bitmap #cards 512 size 80 coarsen threshold 460 Card regions per heap region 1 cards per card region 4096
 CPUs: 12 total, 12 available
 Memory: 16013M
 Large Page Support: Disabled
 NUMA Support: Disabled
 Compressed Oops: Enabled (Zero based)
 Heap Region Size: 2M
 Heap Min Capacity: 8M
 Heap Initial Capacity: 252M
 Heap Max Capacity: 4004M
 Pre-touch: Disabled
 Parallel Workers: 10
 Concurrent Workers: 3
 Concurrent Refinement Workers: 10
 Periodic GC: Disabled
Heap:
 garbage-first heap   total 57344K, used 27228K [0x0000000705c00000, 0x0000000800000000)
  region size 2048K, 3 young (6144K), 1 survivors (2048K)
 Metaspace       used 62246K, committed 62848K, reserved 1114112K
  class space    used 8553K, committed 8832K, reserved 1048576K
GC Heap History (20 events):
Event: 0.739 GC heap before
{Heap before GC invocations=0 (full 0):
 garbage-first heap   total 258048K, used 22528K [0x0000000705c00000, 0x0000000800000000)
  region size 2048K, 11 young (22528K), 0 survivors (0K)
 Metaspace       used 7855K, committed 8064K, reserved 1114112K
  class space    used 855K, committed 960K, reserved 1048576K
}
Event: 0.745 GC heap after
{Heap after GC invocations=1 (full 0):
 garbage-first heap   total 258048K, used 5681K [0x0000000705c00000, 0x0000000800000000)
  region size 2048K, 2 young (4096K), 2 survivors (4096K)
 Metaspace       used 7855K, committed 8064K, reserved 1114112K
  class space    used 855K, committed 960K, reserved 1048576K
}
Event: 1.833 GC heap before
{Heap before GC invocations=1 (full 0):
 garbage-first heap   total 258048K, used 32305K [0x0000000705c00000, 0x0000000800000000)
  region size 2048K, 16 young (32768K), 2 survivors (4096K)
 Metaspace       used 17623K, committed 18048K, reserved 1114112K
  class space    used 2207K, committed 2432K, reserved 1048576K
}
Event: 1.842 GC heap after
{Heap after GC invocations=2 (full 0):
 garbage-first heap   total 258048K, used 10603K [0x0000000705c00000, 0x0000000800000000)
  region size 2048K, 2 young (4096K), 2 survivors (4096K)
 Metaspace       used 17623K, committed 18048K, reserved 1114112K
  class space    used 2207K, committed 2432K, reserved 1048576K
}
Event: 2.158 GC heap before
{Heap before GC invocations=2 (full 0):
 garbage-first heap   total 258048K, used 16747K [0x0000000705c00000, 0x0000000800000000)
  region size 2048K, 6 young (12288K), 2 survivors (4096K)
 Metaspace       used 21151K, committed 21504K, reserved 1114112K
  class space    used 2639K, committed 2816K, reserved 1048576K
}
Event: 2.163 GC heap after
{Heap after GC invocations=3 (full 0):
 garbage-first heap   total 258048K, used 11371K [0x0000000705c00000, 0x0000000800000000)
  region size 2048K, 3 young (6144K), 3 survivors (6144K)
 Metaspace       used 21151K, committed 21504K, reserved 1114112K
  class space    used 2639K, committed 2816K, reserved 1048576K
}
Event: 3.009 GC heap before
{Heap before GC invocations=4 (full 0):
 garbage-first heap   total 55296K, used 37995K [0x0000000705c00000, 0x0000000800000000)
  region size 2048K, 16 young (32768K), 3 survivors (6144K)
 Metaspace       used 31821K, committed 32256K, reserved 1114112K
  class space    used 3958K, committed 4160K, reserved 1048576K
}
Event: 3.017 GC heap after
{Heap after GC invocations=5 (full 0):
 garbage-first heap   total 55296K, used 14685K [0x0000000705c00000, 0x0000000800000000)
  region size 2048K, 2 young (4096K), 2 survivors (4096K)
 Metaspace       used 31821K, committed 32256K, reserved 1114112K
  class space    used 3958K, committed 4160K, reserved 1048576K
}
Event: 3.339 GC heap before
{Heap before GC invocations=5 (full 0):
 garbage-first heap   total 55296K, used 26973K [0x0000000705c00000, 0x0000000800000000)
  region size 2048K, 9 young (18432K), 2 survivors (4096K)
 Metaspace       used 35474K, committed 35968K, reserved 1114112K
  class space    used 4484K, committed 4736K, reserved 1048576K
}
Event: 3.344 GC heap after
{Heap after GC invocations=6 (full 0):
 garbage-first heap   total 55296K, used 15662K [0x0000000705c00000, 0x0000000800000000)
  region size 2048K, 1 young (2048K), 1 survivors (2048K)
 Metaspace       used 35474K, committed 35968K, reserved 1114112K
  class space    used 4484K, committed 4736K, reserved 1048576K
}
Event: 3.370 GC heap before
{Heap before GC invocations=6 (full 0):
 garbage-first heap   total 55296K, used 15662K [0x0000000705c00000, 0x0000000800000000)
  region size 2048K, 2 young (4096K), 1 survivors (2048K)
 Metaspace       used 35866K, committed 36288K, reserved 1114112K
  class space    used 4533K, committed 4736K, reserved 1048576K
}
Event: 3.372 GC heap after
{Heap after GC invocations=7 (full 0):
 garbage-first heap   total 55296K, used 15379K [0x0000000705c00000, 0x0000000800000000)
  region size 2048K, 1 young (2048K), 1 survivors (2048K)
 Metaspace       used 35866K, committed 36288K, reserved 1114112K
  class space    used 4533K, committed 4736K, reserved 1048576K
}
Event: 3.973 GC heap before
{Heap before GC invocations=8 (full 0):
 garbage-first heap   total 55296K, used 39955K [0x0000000705c00000, 0x0000000800000000)
  region size 2048K, 14 young (28672K), 1 survivors (2048K)
 Metaspace       used 43261K, committed 43712K, reserved 1114112K
  class space    used 5732K, committed 5952K, reserved 1048576K
}
Event: 3.976 GC heap after
{Heap after GC invocations=9 (full 0):
 garbage-first heap   total 55296K, used 16508K [0x0000000705c00000, 0x0000000800000000)
  region size 2048K, 2 young (4096K), 2 survivors (4096K)
 Metaspace       used 43261K, committed 43712K, reserved 1114112K
  class space    used 5732K, committed 5952K, reserved 1048576K
}
Event: 4.808 GC heap before
{Heap before GC invocations=9 (full 0):
 garbage-first heap   total 55296K, used 41084K [0x0000000705c00000, 0x0000000800000000)
  region size 2048K, 15 young (30720K), 2 survivors (4096K)
 Metaspace       used 52044K, committed 52544K, reserved 1114112K
  class space    used 7034K, committed 7232K, reserved 1048576K
}
Event: 4.812 GC heap after
{Heap after GC invocations=10 (full 0):
 garbage-first heap   total 55296K, used 17675K [0x0000000705c00000, 0x0000000800000000)
  region size 2048K, 2 young (4096K), 2 survivors (4096K)
 Metaspace       used 52044K, committed 52544K, reserved 1114112K
  class space    used 7034K, committed 7232K, reserved 1048576K
}
Event: 9.577 GC heap before
{Heap before GC invocations=10 (full 0):
 garbage-first heap   total 55296K, used 48395K [0x0000000705c00000, 0x0000000800000000)
  region size 2048K, 16 young (32768K), 2 survivors (4096K)
 Metaspace       used 58592K, committed 59136K, reserved 1114112K
  class space    used 8169K, committed 8448K, reserved 1048576K
}
Event: 9.583 GC heap after
{Heap after GC invocations=11 (full 0):
 garbage-first heap   total 57344K, used 23902K [0x0000000705c00000, 0x0000000800000000)
  region size 2048K, 2 young (4096K), 2 survivors (4096K)
 Metaspace       used 58592K, committed 59136K, reserved 1114112K
  class space    used 8169K, committed 8448K, reserved 1048576K
}
Event: 10.540 GC heap before
{Heap before GC invocations=11 (full 0):
 garbage-first heap   total 57344K, used 25950K [0x0000000705c00000, 0x0000000800000000)
  region size 2048K, 4 young (8192K), 2 survivors (4096K)
 Metaspace       used 60036K, committed 60608K, reserved 1114112K
  class space    used 8317K, committed 8576K, reserved 1048576K
}
Event: 10.543 GC heap after
{Heap after GC invocations=12 (full 0):
 garbage-first heap   total 57344K, used 25180K [0x0000000705c00000, 0x0000000800000000)
  region size 2048K, 1 young (2048K), 1 survivors (2048K)
 Metaspace       used 60036K, committed 60608K, reserved 1114112K
  class space    used 8317K, committed 8576K, reserved 1048576K
}

